<?xml version="1.0" encoding="UTF-8" ?>
<testsuite errors="0" failures="0" hostname="MacBook-Pro.local" name="rs.TestBookingResource" skipped="0" tests="4" time="9.321" timestamp="2016-11-28T20:52:40">
  <properties>
    <property name="libs.jsp-compiler.javadoc" value="" />
    <property name="netbeans.autoupdate.country" value="US" />
    <property name="libs.Encoder-HL7.javadoc" value="" />
    <property name="javac.test.classpath" value="/Users/lucacambiaghi/Downloads/OpenESB-SE-3.0.5/OE-Studio/netbeans/enterprise/modules/ext/jaxrs-2.0/javax.ws.rs-api-2.0.jar:/Users/lucacambiaghi/Downloads/OpenESB-SE-3.0.5/OE-Studio/netbeans/enterprise/modules/ext/jersey2/ext/asm-all-repackaged-2.2.0-b21.jar:/Users/lucacambiaghi/Downloads/OpenESB-SE-3.0.5/OE-Studio/netbeans/enterprise/modules/ext/jersey2/ext/cglib-2.2.0-b21.jar:/Users/lucacambiaghi/Downloads/OpenESB-SE-3.0.5/OE-Studio/netbeans/enterprise/modules/ext/jersey2/ext/guava-14.0.1.jar:/Users/lucacambiaghi/Downloads/OpenESB-SE-3.0.5/OE-Studio/netbeans/enterprise/modules/ext/jersey2/ext/hk2-api-2.2.0-b21.jar:/Users/lucacambiaghi/Downloads/OpenESB-SE-3.0.5/OE-Studio/netbeans/enterprise/modules/ext/jersey2/ext/hk2-locator-2.2.0-b21.jar:/Users/lucacambiaghi/Downloads/OpenESB-SE-3.0.5/OE-Studio/netbeans/enterprise/modules/ext/jersey2/ext/hk2-utils-2.2.0-b21.jar:/Users/lucacambiaghi/Downloads/OpenESB-SE-3.0.5/OE-Studio/netbeans/enterprise/modules/ext/jersey2/ext/javax.annotation-api-1.2.jar:/Users/lucacambiaghi/Downloads/OpenESB-SE-3.0.5/OE-Studio/netbeans/enterprise/modules/ext/jersey2/ext/javax.inject-2.2.0-b21.jar:/Users/lucacambiaghi/Downloads/OpenESB-SE-3.0.5/OE-Studio/netbeans/enterprise/modules/ext/jersey2/ext/javax.servlet-api-3.0.1.jar:/Users/lucacambiaghi/Downloads/OpenESB-SE-3.0.5/OE-Studio/netbeans/enterprise/modules/ext/jersey2/ext/jaxb-api-2.2.7.jar:/Users/lucacambiaghi/Downloads/OpenESB-SE-3.0.5/OE-Studio/netbeans/enterprise/modules/ext/jersey2/ext/jersey-entity-filtering-2.5.1.jar:/Users/lucacambiaghi/Downloads/OpenESB-SE-3.0.5/OE-Studio/netbeans/enterprise/modules/ext/jersey2/ext/jersey-media-moxy-2.5.1.jar:/Users/lucacambiaghi/Downloads/OpenESB-SE-3.0.5/OE-Studio/netbeans/enterprise/modules/ext/jersey2/ext/org.osgi.core-4.2.0.jar:/Users/lucacambiaghi/Downloads/OpenESB-SE-3.0.5/OE-Studio/netbeans/enterprise/modules/ext/jersey2/ext/osgi-resource-locator-1.0.1.jar:/Users/lucacambiaghi/Downloads/OpenESB-SE-3.0.5/OE-Studio/netbeans/enterprise/modules/ext/jersey2/ext/persistence-api-1.0.jar:/Users/lucacambiaghi/Downloads/OpenESB-SE-3.0.5/OE-Studio/netbeans/enterprise/modules/ext/jersey2/ext/validation-api-1.1.0.Final.jar:/Users/lucacambiaghi/Downloads/OpenESB-SE-3.0.5/OE-Studio/netbeans/enterprise/modules/ext/jersey2/jersey-client.jar:/Users/lucacambiaghi/Downloads/OpenESB-SE-3.0.5/OE-Studio/netbeans/enterprise/modules/ext/jersey2/jersey-common.jar:/Users/lucacambiaghi/Downloads/OpenESB-SE-3.0.5/OE-Studio/netbeans/enterprise/modules/ext/jersey2/jersey-container-servlet.jar:/Users/lucacambiaghi/Downloads/OpenESB-SE-3.0.5/OE-Studio/netbeans/enterprise/modules/ext/jersey2/jersey-container-servlet-core.jar:/Users/lucacambiaghi/Downloads/OpenESB-SE-3.0.5/OE-Studio/netbeans/enterprise/modules/ext/jersey2/jersey-server.jar:/Users/lucacambiaghi/Downloads/OpenESB-SE-3.0.5/OE-Studio/netbeans/java/modules/ext/eclipselink/eclipselink.jar:/Users/lucacambiaghi/Downloads/OpenESB-SE-3.0.5/OE-Studio/netbeans/platform/modules/ext/junit-4.10.jar:build/classes" />
    <property name="libs.jsf20.maven-pom" value="" />
    <property name="libs.junit.javadoc" value="/Users/lucacambiaghi/Downloads/OpenESB-SE-3.0.5/OE-Studio/netbeans/java/docs/junit-3.8.2-api.zip" />
    <property name="libs.spring-webmvc4.0.src" value="" />
    <property name="javac.includes" value="rs/TestBookingResource.java" />
    <property name="ant.core.lib" value="/Users/lucacambiaghi/Downloads/OpenESB-SE-3.0.5/OE-Studio/netbeans/extide/ant/lib/ant.jar" />
    <property name="javadoc.windowtitle" value="" />
    <property name="libs.jsp-compilation.javadoc" value="" />
    <property name="user.dir" value="/Users/lucacambiaghi/TravelGood/RESTClient" />
    <property name="com.apple.mrj.application.apple.menu.about.name" value="OpenESB Studio" />
    <property name="libs.javaee-api-7.0.src" value="" />
    <property name="java.vm.version" value="25.101-b13" />
    <property name="libs.MySQLDriver.classpath" value="/Users/lucacambiaghi/Downloads/OpenESB-SE-3.0.5/OE-Studio/netbeans/ide/modules/ext/mysql-connector-java-5.1.23-bin.jar" />
    <property name="libs.eclipselinkmodelgen.src" value="" />
    <property name="javadoc.notree" value="false" />
    <property name="netbeans.autoupdate.version" value="1.23" />
    <property name="libs.EclipseLink-GlassFish-v3.classpath" value="/Users/lucacambiaghi/Downloads/glassfish4/glassfish/modules/org.eclipse.persistence.antlr.jar:/Users/lucacambiaghi/Downloads/glassfish4/glassfish/modules/org.eclipse.persistence.asm.jar:/Users/lucacambiaghi/Downloads/glassfish4/glassfish/modules/org.eclipse.persistence.core.jar:/Users/lucacambiaghi/Downloads/glassfish4/glassfish/modules/org.eclipse.persistence.dbws.jar:/Users/lucacambiaghi/Downloads/glassfish4/glassfish/modules/org.eclipse.persistence.jpa.jar:/Users/lucacambiaghi/Downloads/glassfish4/glassfish/modules/org.eclipse.persistence.jpa.jpql.jar:/Users/lucacambiaghi/Downloads/glassfish4/glassfish/modules/org.eclipse.persistence.jpa.modelgen.processor.jar:/Users/lucacambiaghi/Downloads/glassfish4/glassfish/modules/org.eclipse.persistence.moxy.jar:/Users/lucacambiaghi/Downloads/glassfish4/glassfish/modules/org.eclipse.persistence.oracle.jar:/Users/lucacambiaghi/Downloads/glassfish4/glassfish/modules/javax.persistence.jar" />
    <property name="libs.javaee-web-api-6.0.classpath" value="/Users/lucacambiaghi/Downloads/OpenESB-SE-3.0.5/OE-Studio/netbeans/enterprise/modules/ext/javaee-web-api-6.0.jar" />
    <property name="libs.Java-EE-GlassFish-v3-Prelude.javadoc" value="/Users/lucacambiaghi/Downloads/OpenESB-SE-3.0.5/OE-Studio/netbeans/enterprise/docs/javaee-doc-api.jar" />
    <property name="javac.profile.cmd.line.arg" value="" />
    <property name="jdk.home" value="/Library/Java/JavaVirtualMachines/jdk1.8.0_101.jdk/Contents/Home" />
    <property name="libs.javac-api.src" value="" />
    <property name="javadoc.noindex" value="false" />
    <property name="libs.jpa2-persistence.classpath" value="/Users/lucacambiaghi/Downloads/OpenESB-SE-3.0.5/OE-Studio/netbeans/java/modules/ext/hibernate4/hibernate-jpa-2.1-api-1.0.0.Final.jar" />
    <property name="sun.os.patch.level" value="unknown" />
    <property name="libs.Java-EE-GlassFish-v3-Prelude.src" value="" />
    <property name="do.archive+manifest.available" value="true" />
    <property name="java.vm.specification.name" value="Java Virtual Machine Specification" />
    <property name="libs.Encoder-Custom.javadoc" value="" />
    <property name="nb.show.statistics.ui" value="usageStatisticsEnabled" />
    <property name="netbeans.autoupdate.variant" value="" />
    <property name="have.tests" value="true" />
    <property name="org.xml.sax.driver" value="com.sun.org.apache.xerces.internal.jaxp.SAXParserImpl$JAXPSAXParser" />
    <property name="wsdl-HotelService" value="/Users/lucacambiaghi/TravelGood/RESTClient/xml-resources/web-service-references/HotelService/wsdl/localhost_8080/Hotel_NiceView/HotelService.wsdl" />
    <property name="libs.javac-api.javadoc" value="" />
    <property name="os.name" value="Mac OS X" />
    <property name="libs.beans-binding.classpath" value="/Users/lucacambiaghi/Downloads/OpenESB-SE-3.0.5/OE-Studio/netbeans/java/modules/ext/beansbinding-1.2.1.jar" />
    <property name="libs.javaee-endorsed-api-7.0.maven-pom" value="" />
    <property name="ap.proc.none.internal" value="" />
    <property name="libs.restapi.javadoc" value="" />
    <property name="libs.JWSAntTasks.maven-pom" value="" />
    <property name="libs.jstl.classpath" value="/Users/lucacambiaghi/Downloads/OpenESB-SE-3.0.5/OE-Studio/netbeans/enterprise/modules/ext/jstl-impl.jar:/Users/lucacambiaghi/Downloads/OpenESB-SE-3.0.5/OE-Studio/netbeans/enterprise/modules/ext/jstl-api.jar" />
    <property name="libs.testng.src" value="" />
    <property name="libs.spring-webmvc3.0.src" value="" />
    <property name="libs.restapi.classpath" value="/Users/lucacambiaghi/Downloads/OpenESB-SE-3.0.5/OE-Studio/netbeans/enterprise/modules/ext/jaxrs-2.0/javax.ws.rs-api-2.0.jar" />
    <property name="java.vendor.url.bug" value="http://bugreport.sun.com/bugreport/" />
    <property name="libs.jaxb.maven-pom" value="" />
    <property name="os.arch" value="x86_64" />
    <property name="libs.Encoder-Custom.classpath" value="/Users/lucacambiaghi/Downloads/OpenESB-SE-3.0.5/OE-Studio/netbeans/soa/modules/ext/custom.jar:/Users/lucacambiaghi/Downloads/OpenESB-SE-3.0.5/OE-Studio/netbeans/soa/modules/ext/customencoder-xsdextension.jar" />
    <property name="libs.eclipselink.src" value="" />
    <property name="user.name" value="lucacambiaghi" />
    <property name="libs.jsf12.javadoc" value="/Users/lucacambiaghi/Downloads/OpenESB-SE-3.0.5/OE-Studio/netbeans/enterprise/docs/javaee-doc-api.jar" />
    <property name="libs.Comet-GlassFish-v3.javadoc" value="" />
    <property name="copylibs.rebase" value="true" />
    <property name="libs.spring-webmvc3.0.maven-pom" value="" />
    <property name="libs.swing-layout.maven-pom" value="" />
    <property name="sun.java.command" value="org.apache.tools.ant.taskdefs.optional.junit.JUnitTestRunner rs.TestBookingResource skipNonTests=false filtertrace=true haltOnError=false haltOnFailure=false showoutput=true outputtoformatters=true logfailedtests=true threadid=0 logtestlistenerevents=true formatter=org.apache.tools.ant.taskdefs.optional.junit.BriefJUnitResultFormatter formatter=org.apache.tools.ant.taskdefs.optional.junit.XMLJUnitResultFormatter,/Users/lucacambiaghi/TravelGood/RESTClient/build/test/results/TEST-rs.TestBookingResource.xml crashfile=/Users/lucacambiaghi/TravelGood/RESTClient/build/junitvmwatcher5323835937933638048.properties propsfile=/Users/lucacambiaghi/TravelGood/RESTClient/build/junit8022765963066342761.properties" />
    <property name="build.classes.dir" value="build/classes" />
    <property name="build.sysclasspath" value="ignore" />
    <property name="ap.supported.internal" value="true" />
    <property name="libs.javaee-endorsed-api-7.0.javadoc" value="/Users/lucacambiaghi/Downloads/OpenESB-SE-3.0.5/OE-Studio/netbeans/enterprise/docs/javaee-doc-api.jar" />
    <property name="libs.jaxws21.javadoc" value="/Users/lucacambiaghi/Downloads/OpenESB-SE-3.0.5/OE-Studio/netbeans/java/docs/jaxws-api-doc.zip" />
    <property name="libs.spring-webmvc4.0.javadoc" value="" />
    <property name="includes" value="**" />
    <property name="user.country" value="US" />
    <property name="manifest.file" value="manifest.mf" />
    <property name="javadoc.encoding" value="UTF-8" />
    <property name="javac.classpath" value="/Users/lucacambiaghi/Downloads/OpenESB-SE-3.0.5/OE-Studio/netbeans/enterprise/modules/ext/jaxrs-2.0/javax.ws.rs-api-2.0.jar:/Users/lucacambiaghi/Downloads/OpenESB-SE-3.0.5/OE-Studio/netbeans/enterprise/modules/ext/jersey2/ext/asm-all-repackaged-2.2.0-b21.jar:/Users/lucacambiaghi/Downloads/OpenESB-SE-3.0.5/OE-Studio/netbeans/enterprise/modules/ext/jersey2/ext/cglib-2.2.0-b21.jar:/Users/lucacambiaghi/Downloads/OpenESB-SE-3.0.5/OE-Studio/netbeans/enterprise/modules/ext/jersey2/ext/guava-14.0.1.jar:/Users/lucacambiaghi/Downloads/OpenESB-SE-3.0.5/OE-Studio/netbeans/enterprise/modules/ext/jersey2/ext/hk2-api-2.2.0-b21.jar:/Users/lucacambiaghi/Downloads/OpenESB-SE-3.0.5/OE-Studio/netbeans/enterprise/modules/ext/jersey2/ext/hk2-locator-2.2.0-b21.jar:/Users/lucacambiaghi/Downloads/OpenESB-SE-3.0.5/OE-Studio/netbeans/enterprise/modules/ext/jersey2/ext/hk2-utils-2.2.0-b21.jar:/Users/lucacambiaghi/Downloads/OpenESB-SE-3.0.5/OE-Studio/netbeans/enterprise/modules/ext/jersey2/ext/javax.annotation-api-1.2.jar:/Users/lucacambiaghi/Downloads/OpenESB-SE-3.0.5/OE-Studio/netbeans/enterprise/modules/ext/jersey2/ext/javax.inject-2.2.0-b21.jar:/Users/lucacambiaghi/Downloads/OpenESB-SE-3.0.5/OE-Studio/netbeans/enterprise/modules/ext/jersey2/ext/javax.servlet-api-3.0.1.jar:/Users/lucacambiaghi/Downloads/OpenESB-SE-3.0.5/OE-Studio/netbeans/enterprise/modules/ext/jersey2/ext/jaxb-api-2.2.7.jar:/Users/lucacambiaghi/Downloads/OpenESB-SE-3.0.5/OE-Studio/netbeans/enterprise/modules/ext/jersey2/ext/jersey-entity-filtering-2.5.1.jar:/Users/lucacambiaghi/Downloads/OpenESB-SE-3.0.5/OE-Studio/netbeans/enterprise/modules/ext/jersey2/ext/jersey-media-moxy-2.5.1.jar:/Users/lucacambiaghi/Downloads/OpenESB-SE-3.0.5/OE-Studio/netbeans/enterprise/modules/ext/jersey2/ext/org.osgi.core-4.2.0.jar:/Users/lucacambiaghi/Downloads/OpenESB-SE-3.0.5/OE-Studio/netbeans/enterprise/modules/ext/jersey2/ext/osgi-resource-locator-1.0.1.jar:/Users/lucacambiaghi/Downloads/OpenESB-SE-3.0.5/OE-Studio/netbeans/enterprise/modules/ext/jersey2/ext/persistence-api-1.0.jar:/Users/lucacambiaghi/Downloads/OpenESB-SE-3.0.5/OE-Studio/netbeans/enterprise/modules/ext/jersey2/ext/validation-api-1.1.0.Final.jar:/Users/lucacambiaghi/Downloads/OpenESB-SE-3.0.5/OE-Studio/netbeans/enterprise/modules/ext/jersey2/jersey-client.jar:/Users/lucacambiaghi/Downloads/OpenESB-SE-3.0.5/OE-Studio/netbeans/enterprise/modules/ext/jersey2/jersey-common.jar:/Users/lucacambiaghi/Downloads/OpenESB-SE-3.0.5/OE-Studio/netbeans/enterprise/modules/ext/jersey2/jersey-container-servlet.jar:/Users/lucacambiaghi/Downloads/OpenESB-SE-3.0.5/OE-Studio/netbeans/enterprise/modules/ext/jersey2/jersey-container-servlet-core.jar:/Users/lucacambiaghi/Downloads/OpenESB-SE-3.0.5/OE-Studio/netbeans/enterprise/modules/ext/jersey2/jersey-server.jar:/Users/lucacambiaghi/Downloads/OpenESB-SE-3.0.5/OE-Studio/netbeans/java/modules/ext/eclipselink/eclipselink.jar:/Users/lucacambiaghi/Downloads/OpenESB-SE-3.0.5/OE-Studio/netbeans/platform/modules/ext/junit-4.10.jar" />
    <property name="libs.jsp-compilation-syscp.src" value="" />
    <property name="libs.JAVADB_DRIVER_LABEL.src" value="" />
    <property name="libs.spring-framework400.classpath" value="/Users/lucacambiaghi/Downloads/OpenESB-SE-3.0.5/OE-Studio/netbeans/ide/modules/org-apache-commons-logging.jar:/Users/lucacambiaghi/Downloads/OpenESB-SE-3.0.5/OE-Studio/netbeans/java/modules/ext/cglib-2.2.jar:/Users/lucacambiaghi/Downloads/OpenESB-SE-3.0.5/OE-Studio/netbeans/java/modules/ext/spring-4/spring-aop-4.0.1.RELEASE.jar:/Users/lucacambiaghi/Downloads/OpenESB-SE-3.0.5/OE-Studio/netbeans/java/modules/ext/spring-4/spring-aspects-4.0.1.RELEASE.jar:/Users/lucacambiaghi/Downloads/OpenESB-SE-3.0.5/OE-Studio/netbeans/java/modules/ext/spring-4/spring-beans-4.0.1.RELEASE.jar:/Users/lucacambiaghi/Downloads/OpenESB-SE-3.0.5/OE-Studio/netbeans/java/modules/ext/spring-4/spring-build-src-4.0.1.RELEASE.jar:/Users/lucacambiaghi/Downloads/OpenESB-SE-3.0.5/OE-Studio/netbeans/java/modules/ext/spring-4/spring-context-4.0.1.RELEASE.jar:/Users/lucacambiaghi/Downloads/OpenESB-SE-3.0.5/OE-Studio/netbeans/java/modules/ext/spring-4/spring-context-support-4.0.1.RELEASE.jar:/Users/lucacambiaghi/Downloads/OpenESB-SE-3.0.5/OE-Studio/netbeans/java/modules/ext/spring-4/spring-core-4.0.1.RELEASE.jar:/Users/lucacambiaghi/Downloads/OpenESB-SE-3.0.5/OE-Studio/netbeans/java/modules/ext/spring-4/spring-expression-4.0.1.RELEASE.jar:/Users/lucacambiaghi/Downloads/OpenESB-SE-3.0.5/OE-Studio/netbeans/java/modules/ext/spring-4/spring-framework-bom-4.0.1.RELEASE.jar:/Users/lucacambiaghi/Downloads/OpenESB-SE-3.0.5/OE-Studio/netbeans/java/modules/ext/spring-4/spring-instrument-4.0.1.RELEASE.jar:/Users/lucacambiaghi/Downloads/OpenESB-SE-3.0.5/OE-Studio/netbeans/java/modules/ext/spring-4/spring-instrument-tomcat-4.0.1.RELEASE.jar:/Users/lucacambiaghi/Downloads/OpenESB-SE-3.0.5/OE-Studio/netbeans/java/modules/ext/spring-4/spring-jdbc-4.0.1.RELEASE.jar:/Users/lucacambiaghi/Downloads/OpenESB-SE-3.0.5/OE-Studio/netbeans/java/modules/ext/spring-4/spring-jms-4.0.1.RELEASE.jar:/Users/lucacambiaghi/Downloads/OpenESB-SE-3.0.5/OE-Studio/netbeans/java/modules/ext/spring-4/spring-messaging-4.0.1.RELEASE.jar:/Users/lucacambiaghi/Downloads/OpenESB-SE-3.0.5/OE-Studio/netbeans/java/modules/ext/spring-4/spring-orm-4.0.1.RELEASE.jar:/Users/lucacambiaghi/Downloads/OpenESB-SE-3.0.5/OE-Studio/netbeans/java/modules/ext/spring-4/spring-oxm-4.0.1.RELEASE.jar:/Users/lucacambiaghi/Downloads/OpenESB-SE-3.0.5/OE-Studio/netbeans/java/modules/ext/spring-4/spring-test-4.0.1.RELEASE.jar:/Users/lucacambiaghi/Downloads/OpenESB-SE-3.0.5/OE-Studio/netbeans/java/modules/ext/spring-4/spring-tx-4.0.1.RELEASE.jar:/Users/lucacambiaghi/Downloads/OpenESB-SE-3.0.5/OE-Studio/netbeans/java/modules/ext/spring-4/spring-web-4.0.1.RELEASE.jar:/Users/lucacambiaghi/Downloads/OpenESB-SE-3.0.5/OE-Studio/netbeans/java/modules/ext/spring-4/spring-webmvc-4.0.1.RELEASE.jar:/Users/lucacambiaghi/Downloads/OpenESB-SE-3.0.5/OE-Studio/netbeans/java/modules/ext/spring-4/spring-webmvc-portlet-4.0.1.RELEASE.jar:/Users/lucacambiaghi/Downloads/OpenESB-SE-3.0.5/OE-Studio/netbeans/java/modules/ext/spring-4/spring-websocket-4.0.1.RELEASE.jar" />
    <property name="debug-transport" value="dt_socket" />
    <property name="netbeans.home" value="/Users/lucacambiaghi/Downloads/OpenESB-SE-3.0.5/OE-Studio/netbeans/platform" />
    <property name="build.compiler.emacs" value="true" />
    <property name="libs.javaee-web-api-6.0.src" value="" />
    <property name="libs.jsp-compilation-syscp.classpath" value="/Users/lucacambiaghi/Downloads/OpenESB-SE-3.0.5/OE-Studio/netbeans/extide/ant/lib/ant.jar:/Users/lucacambiaghi/Downloads/OpenESB-SE-3.0.5/OE-Studio/netbeans/enterprise/modules/ext/servlet3.1-jsp2.3-api.jar:/Users/lucacambiaghi/Downloads/OpenESB-SE-3.0.5/OE-Studio/netbeans/enterprise/modules/ext/glassfish-jspparser-4.0.jar:/Users/lucacambiaghi/Downloads/OpenESB-SE-3.0.5/OE-Studio/netbeans/enterprise/modules/ext/jstl-impl.jar:/Users/lucacambiaghi/Downloads/OpenESB-SE-3.0.5/OE-Studio/netbeans/enterprise/modules/ext/jsf-2_2/javax.faces.jar" />
    <property name="java.endorsed.dirs" value="/Library/Java/JavaVirtualMachines/jdk1.8.0_101.jdk/Contents/Home/jre/lib/endorsed" />
    <property name="libs.Comet-GlassFish-v3.maven-pom" value="" />
    <property name="test.includes" value="rs/TestBookingResource.java" />
    <property name="netbeans.dynamic.classpath" value="/Users/lucacambiaghi/Downloads/OpenESB-SE-3.0.5/OE-Studio/netbeans/platform/core/core.jar:/Users/lucacambiaghi/Downloads/OpenESB-SE-3.0.5/OE-Studio/netbeans/platform/core/org-openide-filesystems.jar:/Users/lucacambiaghi/Downloads/OpenESB-SE-3.0.5/OE-Studio/netbeans/platform/core/locale/core_ja.jar:/Users/lucacambiaghi/Downloads/OpenESB-SE-3.0.5/OE-Studio/netbeans/platform/core/locale/core_pt_BR.jar:/Users/lucacambiaghi/Downloads/OpenESB-SE-3.0.5/OE-Studio/netbeans/platform/core/locale/core_ru.jar:/Users/lucacambiaghi/Downloads/OpenESB-SE-3.0.5/OE-Studio/netbeans/platform/core/locale/core_zh_CN.jar:/Users/lucacambiaghi/Downloads/OpenESB-SE-3.0.5/OE-Studio/netbeans/platform/core/locale/org-openide-filesystems_ja.jar:/Users/lucacambiaghi/Downloads/OpenESB-SE-3.0.5/OE-Studio/netbeans/platform/core/locale/org-openide-filesystems_pt_BR.jar:/Users/lucacambiaghi/Downloads/OpenESB-SE-3.0.5/OE-Studio/netbeans/platform/core/locale/org-openide-filesystems_ru.jar:/Users/lucacambiaghi/Downloads/OpenESB-SE-3.0.5/OE-Studio/netbeans/platform/core/locale/org-openide-filesystems_zh_CN.jar:/Users/lucacambiaghi/Downloads/OpenESB-SE-3.0.5/OE-Studio/netbeans/bin/../soa/core/locale/core_soa.jar:/Users/lucacambiaghi/Downloads/OpenESB-SE-3.0.5/OE-Studio/netbeans/bin/../nb/core/org-netbeans-upgrader.jar:/Users/lucacambiaghi/Downloads/OpenESB-SE-3.0.5/OE-Studio/netbeans/bin/../nb/core/locale/core_nb.jar:/Users/lucacambiaghi/Downloads/OpenESB-SE-3.0.5/OE-Studio/netbeans/bin/../nb/core/locale/core_nb_ja.jar:/Users/lucacambiaghi/Downloads/OpenESB-SE-3.0.5/OE-Studio/netbeans/bin/../nb/core/locale/core_nb_pt_BR.jar:/Users/lucacambiaghi/Downloads/OpenESB-SE-3.0.5/OE-Studio/netbeans/bin/../nb/core/locale/core_nb_ru.jar:/Users/lucacambiaghi/Downloads/OpenESB-SE-3.0.5/OE-Studio/netbeans/bin/../nb/core/locale/core_nb_zh_CN.jar:/Users/lucacambiaghi/Downloads/OpenESB-SE-3.0.5/OE-Studio/netbeans/bin/../nb/core/locale/org-netbeans-upgrader_ja.jar:/Users/lucacambiaghi/Downloads/OpenESB-SE-3.0.5/OE-Studio/netbeans/bin/../nb/core/locale/org-netbeans-upgrader_pt_BR.jar:/Users/lucacambiaghi/Downloads/OpenESB-SE-3.0.5/OE-Studio/netbeans/bin/../nb/core/locale/org-netbeans-upgrader_ru.jar:/Users/lucacambiaghi/Downloads/OpenESB-SE-3.0.5/OE-Studio/netbeans/bin/../nb/core/locale/org-netbeans-upgrader_zh_CN.jar" />
    <property name="java.vm.specification.version" value="1.8" />
    <property name="libs.hibernate4-support.src" value="" />
    <property name="libs.primefaces.classpath" value="/Users/lucacambiaghi/Downloads/OpenESB-SE-3.0.5/OE-Studio/netbeans/enterprise/modules/ext/primefaces/primefaces-5.0.jar" />
    <property name="libs.javaee-api-6.0.classpath" value="/Users/lucacambiaghi/Downloads/OpenESB-SE-3.0.5/OE-Studio/netbeans/enterprise/modules/ext/javaee-api-6.0.jar" />
    <property name="netbeans.productversion" value="OpenESB Studio 3.1.0-SNAPSHOT (based on Netbeans 8.0.2)" />
    <property name="libs.jaxws21.src" value="" />
    <property name="do.archive" value="true" />
    <property name="netbeans.autoupdate.language" value="en" />
    <property name="libs.Encoder-Framework.javadoc" value="" />
    <property name="java.vendor" value="Oracle Corporation" />
    <property name="libs.javaee-api-6.0.javadoc" value="/Users/lucacambiaghi/Downloads/OpenESB-SE-3.0.5/OE-Studio/netbeans/enterprise/docs/javaee-doc-api.jar" />
    <property name="sun.font.fontmanager" value="sun.font.CFontManager" />
    <property name="jar.index.metainf" value="false" />
    <property name="javac.debug" value="true" />
    <property name="javadoc.splitindex" value="true" />
    <property name="file.separator" value="/" />
    <property name="libs.Java-EE-GlassFish-v3-Prelude.maven-pom" value="" />
    <property name="javac.includesfile.binary" value="/Users/lucacambiaghi/TravelGood/RESTClient/null779497416" />
    <property name="libs.junit_4.maven-pom" value="" />
    <property name="mkdist.disabled" value="false" />
    <property name="javac.test.processorpath" value="/Users/lucacambiaghi/Downloads/OpenESB-SE-3.0.5/OE-Studio/netbeans/enterprise/modules/ext/jaxrs-2.0/javax.ws.rs-api-2.0.jar:/Users/lucacambiaghi/Downloads/OpenESB-SE-3.0.5/OE-Studio/netbeans/enterprise/modules/ext/jersey2/ext/asm-all-repackaged-2.2.0-b21.jar:/Users/lucacambiaghi/Downloads/OpenESB-SE-3.0.5/OE-Studio/netbeans/enterprise/modules/ext/jersey2/ext/cglib-2.2.0-b21.jar:/Users/lucacambiaghi/Downloads/OpenESB-SE-3.0.5/OE-Studio/netbeans/enterprise/modules/ext/jersey2/ext/guava-14.0.1.jar:/Users/lucacambiaghi/Downloads/OpenESB-SE-3.0.5/OE-Studio/netbeans/enterprise/modules/ext/jersey2/ext/hk2-api-2.2.0-b21.jar:/Users/lucacambiaghi/Downloads/OpenESB-SE-3.0.5/OE-Studio/netbeans/enterprise/modules/ext/jersey2/ext/hk2-locator-2.2.0-b21.jar:/Users/lucacambiaghi/Downloads/OpenESB-SE-3.0.5/OE-Studio/netbeans/enterprise/modules/ext/jersey2/ext/hk2-utils-2.2.0-b21.jar:/Users/lucacambiaghi/Downloads/OpenESB-SE-3.0.5/OE-Studio/netbeans/enterprise/modules/ext/jersey2/ext/javax.annotation-api-1.2.jar:/Users/lucacambiaghi/Downloads/OpenESB-SE-3.0.5/OE-Studio/netbeans/enterprise/modules/ext/jersey2/ext/javax.inject-2.2.0-b21.jar:/Users/lucacambiaghi/Downloads/OpenESB-SE-3.0.5/OE-Studio/netbeans/enterprise/modules/ext/jersey2/ext/javax.servlet-api-3.0.1.jar:/Users/lucacambiaghi/Downloads/OpenESB-SE-3.0.5/OE-Studio/netbeans/enterprise/modules/ext/jersey2/ext/jaxb-api-2.2.7.jar:/Users/lucacambiaghi/Downloads/OpenESB-SE-3.0.5/OE-Studio/netbeans/enterprise/modules/ext/jersey2/ext/jersey-entity-filtering-2.5.1.jar:/Users/lucacambiaghi/Downloads/OpenESB-SE-3.0.5/OE-Studio/netbeans/enterprise/modules/ext/jersey2/ext/jersey-media-moxy-2.5.1.jar:/Users/lucacambiaghi/Downloads/OpenESB-SE-3.0.5/OE-Studio/netbeans/enterprise/modules/ext/jersey2/ext/org.osgi.core-4.2.0.jar:/Users/lucacambiaghi/Downloads/OpenESB-SE-3.0.5/OE-Studio/netbeans/enterprise/modules/ext/jersey2/ext/osgi-resource-locator-1.0.1.jar:/Users/lucacambiaghi/Downloads/OpenESB-SE-3.0.5/OE-Studio/netbeans/enterprise/modules/ext/jersey2/ext/persistence-api-1.0.jar:/Users/lucacambiaghi/Downloads/OpenESB-SE-3.0.5/OE-Studio/netbeans/enterprise/modules/ext/jersey2/ext/validation-api-1.1.0.Final.jar:/Users/lucacambiaghi/Downloads/OpenESB-SE-3.0.5/OE-Studio/netbeans/enterprise/modules/ext/jersey2/jersey-client.jar:/Users/lucacambiaghi/Downloads/OpenESB-SE-3.0.5/OE-Studio/netbeans/enterprise/modules/ext/jersey2/jersey-common.jar:/Users/lucacambiaghi/Downloads/OpenESB-SE-3.0.5/OE-Studio/netbeans/enterprise/modules/ext/jersey2/jersey-container-servlet.jar:/Users/lucacambiaghi/Downloads/OpenESB-SE-3.0.5/OE-Studio/netbeans/enterprise/modules/ext/jersey2/jersey-container-servlet-core.jar:/Users/lucacambiaghi/Downloads/OpenESB-SE-3.0.5/OE-Studio/netbeans/enterprise/modules/ext/jersey2/jersey-server.jar:/Users/lucacambiaghi/Downloads/OpenESB-SE-3.0.5/OE-Studio/netbeans/java/modules/ext/eclipselink/eclipselink.jar:/Users/lucacambiaghi/Downloads/OpenESB-SE-3.0.5/OE-Studio/netbeans/platform/modules/ext/junit-4.10.jar:build/classes" />
    <property name="netbeans.buildnumber" value="201411181905" />
    <property name="libs.JWSAntTasks.javadoc" value="" />
    <property name="build.generated.sources.dir" value="build/generated-sources" />
    <property name="libs.eclipselinkmodelgen.classpath" value="/Users/lucacambiaghi/Downloads/OpenESB-SE-3.0.5/OE-Studio/netbeans/java/modules/ext/eclipselink/org.eclipse.persistence.jpa.modelgen_2.5.2.v20140319-9ad6abd.jar" />
    <property name="libs.javaee-endorsed-api-7.0.src" value="" />
    <property name="sun.java.launcher" value="SUN_STANDARD" />
    <property name="libs.junit.classpath" value="/Users/lucacambiaghi/Downloads/OpenESB-SE-3.0.5/OE-Studio/netbeans/java/modules/ext/junit-3.8.2.jar" />
    <property name="libs.hibernate4-persistencemodelgen.javadoc" value="" />
    <property name="libs.jaxb.javadoc" value="/Users/lucacambiaghi/Downloads/OpenESB-SE-3.0.5/OE-Studio/netbeans/ide/docs/jaxb-api-doc.zip" />
    <property name="libs.struts.classpath" value="/Users/lucacambiaghi/Downloads/OpenESB-SE-3.0.5/OE-Studio/netbeans/enterprise/modules/ext/struts/antlr-2.7.2.jar:/Users/lucacambiaghi/Downloads/OpenESB-SE-3.0.5/OE-Studio/netbeans/enterprise/modules/ext/struts/bsf-2.3.0.jar:/Users/lucacambiaghi/Downloads/OpenESB-SE-3.0.5/OE-Studio/netbeans/enterprise/modules/ext/struts/commons-beanutils-1.8.0.jar:/Users/lucacambiaghi/Downloads/OpenESB-SE-3.0.5/OE-Studio/netbeans/enterprise/modules/ext/struts/commons-chain-1.2.jar:/Users/lucacambiaghi/Downloads/OpenESB-SE-3.0.5/OE-Studio/netbeans/enterprise/modules/ext/struts/commons-digester-1.8.jar:/Users/lucacambiaghi/Downloads/OpenESB-SE-3.0.5/OE-Studio/netbeans/enterprise/modules/ext/struts/commons-fileupload-1.1.1.jar:/Users/lucacambiaghi/Downloads/OpenESB-SE-3.0.5/OE-Studio/netbeans/enterprise/modules/ext/struts/commons-io-1.1.jar:/Users/lucacambiaghi/Downloads/OpenESB-SE-3.0.5/OE-Studio/netbeans/enterprise/modules/ext/struts/commons-logging-1.0.4.jar:/Users/lucacambiaghi/Downloads/OpenESB-SE-3.0.5/OE-Studio/netbeans/enterprise/modules/ext/struts/commons-validator-1.3.1.jar:/Users/lucacambiaghi/Downloads/OpenESB-SE-3.0.5/OE-Studio/netbeans/enterprise/modules/ext/struts/jstl-1.0.2.jar:/Users/lucacambiaghi/Downloads/OpenESB-SE-3.0.5/OE-Studio/netbeans/enterprise/modules/ext/struts/oro-2.0.8.jar:/Users/lucacambiaghi/Downloads/OpenESB-SE-3.0.5/OE-Studio/netbeans/enterprise/modules/ext/struts/standard-1.0.6.jar:/Users/lucacambiaghi/Downloads/OpenESB-SE-3.0.5/OE-Studio/netbeans/enterprise/modules/ext/struts/struts-core-1.3.10.jar:/Users/lucacambiaghi/Downloads/OpenESB-SE-3.0.5/OE-Studio/netbeans/enterprise/modules/ext/struts/struts-el-1.3.10.jar:/Users/lucacambiaghi/Downloads/OpenESB-SE-3.0.5/OE-Studio/netbeans/enterprise/modules/ext/struts/struts-extras-1.3.10.jar:/Users/lucacambiaghi/Downloads/OpenESB-SE-3.0.5/OE-Studio/netbeans/enterprise/modules/ext/struts/struts-faces-1.3.10.jar:/Users/lucacambiaghi/Downloads/OpenESB-SE-3.0.5/OE-Studio/netbeans/enterprise/modules/ext/struts/struts-mailreader-dao-1.3.10.jar:/Users/lucacambiaghi/Downloads/OpenESB-SE-3.0.5/OE-Studio/netbeans/enterprise/modules/ext/struts/struts-scripting-1.3.10.jar:/Users/lucacambiaghi/Downloads/OpenESB-SE-3.0.5/OE-Studio/netbeans/enterprise/modules/ext/struts/struts-taglib-1.3.10.jar:/Users/lucacambiaghi/Downloads/OpenESB-SE-3.0.5/OE-Studio/netbeans/enterprise/modules/ext/struts/struts-tiles-1.3.10.jar" />
    <property name="javac.includes.binary" value="/Users/lucacambiaghi/TravelGood/RESTClient/build/test/classes/rs/TestBookingResource.class" />
    <property name="ant.home" value="/Users/lucacambiaghi/Downloads/OpenESB-SE-3.0.5/OE-Studio/netbeans/extide/ant" />
    <property name="libs.junit_4.src" value="/Users/lucacambiaghi/Downloads/OpenESB-SE-3.0.5/OE-Studio/netbeans/java/docs/junit-4.10-sources.jar" />
    <property name="libs.testng.classpath" value="/Users/lucacambiaghi/Downloads/OpenESB-SE-3.0.5/OE-Studio/netbeans/platform/modules/ext/testng-6.8.1-dist.jar" />
    <property name="libs.absolutelayout.maven-pom" value="" />
    <property name="ant.java.version" value="1.8" />
    <property name="java.library.path" value="/Users/lucacambiaghi/Library/Java/Extensions:/Library/Java/Extensions:/Network/Library/Java/Extensions:/System/Library/Java/Extensions:/usr/lib/java:." />
    <property name="javadoc.author" value="false" />
    <property name="libs.metro.maven-pom" value="" />
    <property name="libs.Encoder-HL7.classpath" value="/Users/lucacambiaghi/Downloads/OpenESB-SE-3.0.5/OE-Studio/netbeans/soa/modules/ext/hl7.jar:/Users/lucacambiaghi/Downloads/OpenESB-SE-3.0.5/OE-Studio/netbeans/soa/modules/ext/hl7encoder-xsdextension.jar" />
    <property name="libs.EclipseLink-GlassFish-v3.src" value="" />
    <property name="java.util.logging.config.class" value="org.netbeans.core.startup.TopLogging" />
    <property name="libs.spring-framework400.src" value="" />
    <property name="libs.PostgreSQLDriver.src" value="" />
    <property name="sun.arch.data.model" value="64" />
    <property name="basedir" value="/Users/lucacambiaghi/TravelGood/RESTClient" />
    <property name="libs.jpa20-persistence.maven-pom" value="" />
    <property name="jar.compress" value="false" />
    <property name="libs.javaee-web-api-7.0.classpath" value="/Users/lucacambiaghi/Downloads/OpenESB-SE-3.0.5/OE-Studio/netbeans/enterprise/modules/ext/javaee-web-api-7.0.jar" />
    <property name="path.separator" value=":" />
    <property name="libs.javaee-web-api-6.0.javadoc" value="/Users/lucacambiaghi/Downloads/OpenESB-SE-3.0.5/OE-Studio/netbeans/enterprise/docs/javaee-doc-api.jar" />
    <property name="ant.junit.enabletestlistenerevents" value="true" />
    <property name="sun.io.unicode.encoding" value="UnicodeBig" />
    <property name="libs.jaxws21.classpath" value="/Users/lucacambiaghi/Downloads/OpenESB-SE-3.0.5/OE-Studio/netbeans/ide/modules/ext/jaxb/jaxb-impl.jar:/Users/lucacambiaghi/Downloads/OpenESB-SE-3.0.5/OE-Studio/netbeans/ide/modules/ext/jaxb/jaxb-xjc.jar:/Users/lucacambiaghi/Downloads/OpenESB-SE-3.0.5/OE-Studio/netbeans/java/modules/ext/jaxws22/FastInfoset.jar:/Users/lucacambiaghi/Downloads/OpenESB-SE-3.0.5/OE-Studio/netbeans/java/modules/ext/jaxws22/gmbal-api-only.jar:/Users/lucacambiaghi/Downloads/OpenESB-SE-3.0.5/OE-Studio/netbeans/java/modules/ext/jaxws22/ha-api.jar:/Users/lucacambiaghi/Downloads/OpenESB-SE-3.0.5/OE-Studio/netbeans/java/modules/ext/jaxws22/javax.mail_1.4.jar:/Users/lucacambiaghi/Downloads/OpenESB-SE-3.0.5/OE-Studio/netbeans/java/modules/ext/jaxws22/jaxws-rt.jar:/Users/lucacambiaghi/Downloads/OpenESB-SE-3.0.5/OE-Studio/netbeans/java/modules/ext/jaxws22/jaxws-tools.jar:/Users/lucacambiaghi/Downloads/OpenESB-SE-3.0.5/OE-Studio/netbeans/java/modules/ext/jaxws22/management-api.jar:/Users/lucacambiaghi/Downloads/OpenESB-SE-3.0.5/OE-Studio/netbeans/java/modules/ext/jaxws22/mimepull.jar:/Users/lucacambiaghi/Downloads/OpenESB-SE-3.0.5/OE-Studio/netbeans/java/modules/ext/jaxws22/policy.jar:/Users/lucacambiaghi/Downloads/OpenESB-SE-3.0.5/OE-Studio/netbeans/java/modules/ext/jaxws22/saaj-impl.jar:/Users/lucacambiaghi/Downloads/OpenESB-SE-3.0.5/OE-Studio/netbeans/java/modules/ext/jaxws22/stax-ex.jar:/Users/lucacambiaghi/Downloads/OpenESB-SE-3.0.5/OE-Studio/netbeans/java/modules/ext/jaxws22/stax2-api.jar:/Users/lucacambiaghi/Downloads/OpenESB-SE-3.0.5/OE-Studio/netbeans/java/modules/ext/jaxws22/streambuffer.jar:/Users/lucacambiaghi/Downloads/OpenESB-SE-3.0.5/OE-Studio/netbeans/java/modules/ext/jaxws22/woodstox-core-asl.jar:/Users/lucacambiaghi/Downloads/OpenESB-SE-3.0.5/OE-Studio/netbeans/java/modules/ext/jaxws22/api/jaxws-api.jar:/Users/lucacambiaghi/Downloads/OpenESB-SE-3.0.5/OE-Studio/netbeans/java/modules/ext/jaxws22/api/jsr181-api.jar:/Users/lucacambiaghi/Downloads/OpenESB-SE-3.0.5/OE-Studio/netbeans/java/modules/ext/jaxws22/api/javax.annotation.jar:/Users/lucacambiaghi/Downloads/OpenESB-SE-3.0.5/OE-Studio/netbeans/java/modules/ext/jaxws22/api/saaj-api.jar:/Users/lucacambiaghi/Downloads/OpenESB-SE-3.0.5/OE-Studio/netbeans/ide/modules/ext/jaxb/activation.jar:/Users/lucacambiaghi/Downloads/OpenESB-SE-3.0.5/OE-Studio/netbeans/ide/modules/ext/jaxb/api/jaxb-api.jar:/Users/lucacambiaghi/Downloads/OpenESB-SE-3.0.5/OE-Studio/netbeans/ide/modules/ext/jaxb/api/jsr173_1.0_api.jar" />
    <property name="libs.struts.src" value="" />
    <property name="compile.on.save" value="true" />
    <property name="user.language" value="en" />
    <property name="libs.Encoder-Framework.src" value="" />
    <property name="testng.mode" value="testng" />
    <property name="libs.JAXB-ENDORSED.maven-pom" value="" />
    <property name="libs.eclipselink.maven-pom" value="" />
    <property name="test.binaryincludes" value="&lt;nothing&gt;" />
    <property name="manifest.available" value="true" />
    <property name="libs.primefaces.javadoc" value="" />
    <property name="libs.spring-framework300.maven-pom" value="" />
    <property name="run.test.classpath" value="/Users/lucacambiaghi/Downloads/OpenESB-SE-3.0.5/OE-Studio/netbeans/enterprise/modules/ext/jaxrs-2.0/javax.ws.rs-api-2.0.jar:/Users/lucacambiaghi/Downloads/OpenESB-SE-3.0.5/OE-Studio/netbeans/enterprise/modules/ext/jersey2/ext/asm-all-repackaged-2.2.0-b21.jar:/Users/lucacambiaghi/Downloads/OpenESB-SE-3.0.5/OE-Studio/netbeans/enterprise/modules/ext/jersey2/ext/cglib-2.2.0-b21.jar:/Users/lucacambiaghi/Downloads/OpenESB-SE-3.0.5/OE-Studio/netbeans/enterprise/modules/ext/jersey2/ext/guava-14.0.1.jar:/Users/lucacambiaghi/Downloads/OpenESB-SE-3.0.5/OE-Studio/netbeans/enterprise/modules/ext/jersey2/ext/hk2-api-2.2.0-b21.jar:/Users/lucacambiaghi/Downloads/OpenESB-SE-3.0.5/OE-Studio/netbeans/enterprise/modules/ext/jersey2/ext/hk2-locator-2.2.0-b21.jar:/Users/lucacambiaghi/Downloads/OpenESB-SE-3.0.5/OE-Studio/netbeans/enterprise/modules/ext/jersey2/ext/hk2-utils-2.2.0-b21.jar:/Users/lucacambiaghi/Downloads/OpenESB-SE-3.0.5/OE-Studio/netbeans/enterprise/modules/ext/jersey2/ext/javax.annotation-api-1.2.jar:/Users/lucacambiaghi/Downloads/OpenESB-SE-3.0.5/OE-Studio/netbeans/enterprise/modules/ext/jersey2/ext/javax.inject-2.2.0-b21.jar:/Users/lucacambiaghi/Downloads/OpenESB-SE-3.0.5/OE-Studio/netbeans/enterprise/modules/ext/jersey2/ext/javax.servlet-api-3.0.1.jar:/Users/lucacambiaghi/Downloads/OpenESB-SE-3.0.5/OE-Studio/netbeans/enterprise/modules/ext/jersey2/ext/jaxb-api-2.2.7.jar:/Users/lucacambiaghi/Downloads/OpenESB-SE-3.0.5/OE-Studio/netbeans/enterprise/modules/ext/jersey2/ext/jersey-entity-filtering-2.5.1.jar:/Users/lucacambiaghi/Downloads/OpenESB-SE-3.0.5/OE-Studio/netbeans/enterprise/modules/ext/jersey2/ext/jersey-media-moxy-2.5.1.jar:/Users/lucacambiaghi/Downloads/OpenESB-SE-3.0.5/OE-Studio/netbeans/enterprise/modules/ext/jersey2/ext/org.osgi.core-4.2.0.jar:/Users/lucacambiaghi/Downloads/OpenESB-SE-3.0.5/OE-Studio/netbeans/enterprise/modules/ext/jersey2/ext/osgi-resource-locator-1.0.1.jar:/Users/lucacambiaghi/Downloads/OpenESB-SE-3.0.5/OE-Studio/netbeans/enterprise/modules/ext/jersey2/ext/persistence-api-1.0.jar:/Users/lucacambiaghi/Downloads/OpenESB-SE-3.0.5/OE-Studio/netbeans/enterprise/modules/ext/jersey2/ext/validation-api-1.1.0.Final.jar:/Users/lucacambiaghi/Downloads/OpenESB-SE-3.0.5/OE-Studio/netbeans/enterprise/modules/ext/jersey2/jersey-client.jar:/Users/lucacambiaghi/Downloads/OpenESB-SE-3.0.5/OE-Studio/netbeans/enterprise/modules/ext/jersey2/jersey-common.jar:/Users/lucacambiaghi/Downloads/OpenESB-SE-3.0.5/OE-Studio/netbeans/enterprise/modules/ext/jersey2/jersey-container-servlet.jar:/Users/lucacambiaghi/Downloads/OpenESB-SE-3.0.5/OE-Studio/netbeans/enterprise/modules/ext/jersey2/jersey-container-servlet-core.jar:/Users/lucacambiaghi/Downloads/OpenESB-SE-3.0.5/OE-Studio/netbeans/enterprise/modules/ext/jersey2/jersey-server.jar:/Users/lucacambiaghi/Downloads/OpenESB-SE-3.0.5/OE-Studio/netbeans/java/modules/ext/eclipselink/eclipselink.jar:/Users/lucacambiaghi/Downloads/OpenESB-SE-3.0.5/OE-Studio/netbeans/platform/modules/ext/junit-4.10.jar:build/classes:build/test/classes" />
    <property name="ant.project.invoked-targets" value="test-single" />
    <property name="libs.Encoder-Framework.classpath" value="/Users/lucacambiaghi/Downloads/OpenESB-SE-3.0.5/OE-Studio/netbeans/soa/modules/ext/encoderframework.jar:/Users/lucacambiaghi/Downloads/OpenESB-SE-3.0.5/OE-Studio/netbeans/soa/modules/ext/encoderfrmwk-xsdextension.jar:/Users/lucacambiaghi/Downloads/OpenESB-SE-3.0.5/OE-Studio/netbeans/soa/modules/ext/xbean.jar" />
    <property name="test.binaryexcludes" value="" />
    <property name="libs.swing-layout.javadoc" value="/Users/lucacambiaghi/Downloads/OpenESB-SE-3.0.5/OE-Studio/netbeans/platform/docs/swing-layout-1.0.4-doc.zip" />
    <property name="sun.java2d.d3d" value="false" />
    <property name="libs.hibernate4-persistence.maven-pom" value="" />
    <property name="gopherProxySet" value="false" />
    <property name="libs.PostgreSQLDriver.maven-pom" value="" />
    <property name="java.class.version" value="52.0" />
    <property name="libs.JAVADB_DRIVER_LABEL.classpath" value="/Library/Java/JavaVirtualMachines/jdk1.8.0_101.jdk/Contents/Home/db/lib/derby.jar:/Library/Java/JavaVirtualMachines/jdk1.8.0_101.jdk/Contents/Home/db/lib/derbyclient.jar:/Library/Java/JavaVirtualMachines/jdk1.8.0_101.jdk/Contents/Home/db/lib/derbynet.jar" />
    <property name="libs.hibernate4-persistencemodelgen.maven-pom" value="" />
    <property name="libs.javaee-endorsed-api-6.0.src" value="" />
    <property name="libs.eclipselink.javadoc" value="/Users/lucacambiaghi/Downloads/OpenESB-SE-3.0.5/OE-Studio/netbeans/java/modules/ext/docs/javax.persistence-2.1.0-doc.zip" />
    <property name="libs.jsp-compilation.maven-pom" value="" />
    <property name="user.properties.file" value="/Users/lucacambiaghi/Library/Application Support/OpenESB_Studio/3.1.0-SNAPSHOT/build.properties" />
    <property name="runtime.encoding" value="UTF-8" />
    <property name="libs.javac-api.maven-pom" value="" />
    <property name="file.encoding.pkg" value="sun.io" />
    <property name="sun.cpu.endian" value="little" />
    <property name="libs.JAXB-ENDORSED.javadoc" value="" />
    <property name="libs.JWSAntTasks.classpath" value="/Users/lucacambiaghi/Downloads/OpenESB-SE-3.0.5/OE-Studio/netbeans/java/ant/extra/org-netbeans-modules-javawebstart-anttasks.jar" />
    <property name="libs.spring-webmvc4.0.maven-pom" value="" />
    <property name="libs.spring-framework300.src" value="" />
    <property name="libs.PojoSELib.src" value="/Users/lucacambiaghi/Downloads/OpenESB-SE-3.0.5/OE-Studio/netbeans/soa/modules/ext/sun-pojo-engine-api-src.jar" />
    <property name="libs.jstl.src" value="" />
    <property name="empty.dir" value="/Users/lucacambiaghi/TravelGood/RESTClient/build/empty" />
    <property name="version-output" value="java version &quot;1.8" />
    <property name="test.binarytestincludes" value="" />
    <property name="libs.hibernate4-persistencemodelgen.src" value="" />
    <property name="javadoc.preview" value="true" />
    <property name="libs.jpa20-persistence.javadoc" value="/Users/lucacambiaghi/Downloads/OpenESB-SE-3.0.5/OE-Studio/netbeans/java/modules/ext/docs/javax.persistence-2.1.0-doc.zip" />
    <property name="java.home" value="/Library/Java/JavaVirtualMachines/jdk1.8.0_101.jdk/Contents/Home/jre" />
    <property name="libs.jsp-compilation.src" value="" />
    <property name="debug.test.classpath" value="/Users/lucacambiaghi/Downloads/OpenESB-SE-3.0.5/OE-Studio/netbeans/enterprise/modules/ext/jaxrs-2.0/javax.ws.rs-api-2.0.jar:/Users/lucacambiaghi/Downloads/OpenESB-SE-3.0.5/OE-Studio/netbeans/enterprise/modules/ext/jersey2/ext/asm-all-repackaged-2.2.0-b21.jar:/Users/lucacambiaghi/Downloads/OpenESB-SE-3.0.5/OE-Studio/netbeans/enterprise/modules/ext/jersey2/ext/cglib-2.2.0-b21.jar:/Users/lucacambiaghi/Downloads/OpenESB-SE-3.0.5/OE-Studio/netbeans/enterprise/modules/ext/jersey2/ext/guava-14.0.1.jar:/Users/lucacambiaghi/Downloads/OpenESB-SE-3.0.5/OE-Studio/netbeans/enterprise/modules/ext/jersey2/ext/hk2-api-2.2.0-b21.jar:/Users/lucacambiaghi/Downloads/OpenESB-SE-3.0.5/OE-Studio/netbeans/enterprise/modules/ext/jersey2/ext/hk2-locator-2.2.0-b21.jar:/Users/lucacambiaghi/Downloads/OpenESB-SE-3.0.5/OE-Studio/netbeans/enterprise/modules/ext/jersey2/ext/hk2-utils-2.2.0-b21.jar:/Users/lucacambiaghi/Downloads/OpenESB-SE-3.0.5/OE-Studio/netbeans/enterprise/modules/ext/jersey2/ext/javax.annotation-api-1.2.jar:/Users/lucacambiaghi/Downloads/OpenESB-SE-3.0.5/OE-Studio/netbeans/enterprise/modules/ext/jersey2/ext/javax.inject-2.2.0-b21.jar:/Users/lucacambiaghi/Downloads/OpenESB-SE-3.0.5/OE-Studio/netbeans/enterprise/modules/ext/jersey2/ext/javax.servlet-api-3.0.1.jar:/Users/lucacambiaghi/Downloads/OpenESB-SE-3.0.5/OE-Studio/netbeans/enterprise/modules/ext/jersey2/ext/jaxb-api-2.2.7.jar:/Users/lucacambiaghi/Downloads/OpenESB-SE-3.0.5/OE-Studio/netbeans/enterprise/modules/ext/jersey2/ext/jersey-entity-filtering-2.5.1.jar:/Users/lucacambiaghi/Downloads/OpenESB-SE-3.0.5/OE-Studio/netbeans/enterprise/modules/ext/jersey2/ext/jersey-media-moxy-2.5.1.jar:/Users/lucacambiaghi/Downloads/OpenESB-SE-3.0.5/OE-Studio/netbeans/enterprise/modules/ext/jersey2/ext/org.osgi.core-4.2.0.jar:/Users/lucacambiaghi/Downloads/OpenESB-SE-3.0.5/OE-Studio/netbeans/enterprise/modules/ext/jersey2/ext/osgi-resource-locator-1.0.1.jar:/Users/lucacambiaghi/Downloads/OpenESB-SE-3.0.5/OE-Studio/netbeans/enterprise/modules/ext/jersey2/ext/persistence-api-1.0.jar:/Users/lucacambiaghi/Downloads/OpenESB-SE-3.0.5/OE-Studio/netbeans/enterprise/modules/ext/jersey2/ext/validation-api-1.1.0.Final.jar:/Users/lucacambiaghi/Downloads/OpenESB-SE-3.0.5/OE-Studio/netbeans/enterprise/modules/ext/jersey2/jersey-client.jar:/Users/lucacambiaghi/Downloads/OpenESB-SE-3.0.5/OE-Studio/netbeans/enterprise/modules/ext/jersey2/jersey-common.jar:/Users/lucacambiaghi/Downloads/OpenESB-SE-3.0.5/OE-Studio/netbeans/enterprise/modules/ext/jersey2/jersey-container-servlet.jar:/Users/lucacambiaghi/Downloads/OpenESB-SE-3.0.5/OE-Studio/netbeans/enterprise/modules/ext/jersey2/jersey-container-servlet-core.jar:/Users/lucacambiaghi/Downloads/OpenESB-SE-3.0.5/OE-Studio/netbeans/enterprise/modules/ext/jersey2/jersey-server.jar:/Users/lucacambiaghi/Downloads/OpenESB-SE-3.0.5/OE-Studio/netbeans/java/modules/ext/eclipselink/eclipselink.jar:/Users/lucacambiaghi/Downloads/OpenESB-SE-3.0.5/OE-Studio/netbeans/platform/modules/ext/junit-4.10.jar:build/classes:build/test/classes" />
    <property name="libs.javaee-endorsed-api-6.0.classpath" value="/Users/lucacambiaghi/Downloads/OpenESB-SE-3.0.5/OE-Studio/netbeans/enterprise/modules/ext/javaee6-endorsed/javax.annotation.jar:/Users/lucacambiaghi/Downloads/OpenESB-SE-3.0.5/OE-Studio/netbeans/enterprise/modules/ext/javaee6-endorsed/jaxb-api-osgi.jar:/Users/lucacambiaghi/Downloads/OpenESB-SE-3.0.5/OE-Studio/netbeans/enterprise/modules/ext/javaee6-endorsed/webservices-api-osgi.jar" />
    <property name="libs.javaee-api-6.0.src" value="" />
    <property name="ant.project.default-target" value="default" />
    <property name="annotation.processing.run.all.processors" value="true" />
    <property name="libs.PostgreSQLDriver.javadoc" value="" />
    <property name="libs.restlib.classpath" value="/Users/lucacambiaghi/Downloads/OpenESB-SE-3.0.5/OE-Studio/netbeans/enterprise/modules/ext/jersey2/ext/asm-all-repackaged-2.2.0-b21.jar:/Users/lucacambiaghi/Downloads/OpenESB-SE-3.0.5/OE-Studio/netbeans/enterprise/modules/ext/jersey2/ext/cglib-2.2.0-b21.jar:/Users/lucacambiaghi/Downloads/OpenESB-SE-3.0.5/OE-Studio/netbeans/enterprise/modules/ext/jersey2/ext/guava-14.0.1.jar:/Users/lucacambiaghi/Downloads/OpenESB-SE-3.0.5/OE-Studio/netbeans/enterprise/modules/ext/jersey2/ext/hk2-api-2.2.0-b21.jar:/Users/lucacambiaghi/Downloads/OpenESB-SE-3.0.5/OE-Studio/netbeans/enterprise/modules/ext/jersey2/ext/hk2-locator-2.2.0-b21.jar:/Users/lucacambiaghi/Downloads/OpenESB-SE-3.0.5/OE-Studio/netbeans/enterprise/modules/ext/jersey2/ext/hk2-utils-2.2.0-b21.jar:/Users/lucacambiaghi/Downloads/OpenESB-SE-3.0.5/OE-Studio/netbeans/enterprise/modules/ext/jersey2/ext/javax.annotation-api-1.2.jar:/Users/lucacambiaghi/Downloads/OpenESB-SE-3.0.5/OE-Studio/netbeans/enterprise/modules/ext/jersey2/ext/javax.inject-2.2.0-b21.jar:/Users/lucacambiaghi/Downloads/OpenESB-SE-3.0.5/OE-Studio/netbeans/enterprise/modules/ext/jersey2/ext/javax.servlet-api-3.0.1.jar:/Users/lucacambiaghi/Downloads/OpenESB-SE-3.0.5/OE-Studio/netbeans/enterprise/modules/ext/jersey2/ext/jaxb-api-2.2.7.jar:/Users/lucacambiaghi/Downloads/OpenESB-SE-3.0.5/OE-Studio/netbeans/enterprise/modules/ext/jersey2/ext/jersey-entity-filtering-2.5.1.jar:/Users/lucacambiaghi/Downloads/OpenESB-SE-3.0.5/OE-Studio/netbeans/enterprise/modules/ext/jersey2/ext/jersey-media-moxy-2.5.1.jar:/Users/lucacambiaghi/Downloads/OpenESB-SE-3.0.5/OE-Studio/netbeans/enterprise/modules/ext/jersey2/ext/org.osgi.core-4.2.0.jar:/Users/lucacambiaghi/Downloads/OpenESB-SE-3.0.5/OE-Studio/netbeans/enterprise/modules/ext/jersey2/ext/osgi-resource-locator-1.0.1.jar:/Users/lucacambiaghi/Downloads/OpenESB-SE-3.0.5/OE-Studio/netbeans/enterprise/modules/ext/jersey2/ext/persistence-api-1.0.jar:/Users/lucacambiaghi/Downloads/OpenESB-SE-3.0.5/OE-Studio/netbeans/enterprise/modules/ext/jersey2/ext/validation-api-1.1.0.Final.jar:/Users/lucacambiaghi/Downloads/OpenESB-SE-3.0.5/OE-Studio/netbeans/enterprise/modules/ext/jersey2/jersey-client.jar:/Users/lucacambiaghi/Downloads/OpenESB-SE-3.0.5/OE-Studio/netbeans/enterprise/modules/ext/jersey2/jersey-common.jar:/Users/lucacambiaghi/Downloads/OpenESB-SE-3.0.5/OE-Studio/netbeans/enterprise/modules/ext/jersey2/jersey-container-servlet.jar:/Users/lucacambiaghi/Downloads/OpenESB-SE-3.0.5/OE-Studio/netbeans/enterprise/modules/ext/jersey2/jersey-container-servlet-core.jar:/Users/lucacambiaghi/Downloads/OpenESB-SE-3.0.5/OE-Studio/netbeans/enterprise/modules/ext/jersey2/jersey-server.jar:/Users/lucacambiaghi/Downloads/OpenESB-SE-3.0.5/OE-Studio/netbeans/java/modules/ext/eclipselink/eclipselink.jar" />
    <property name="libs.MySQLDriver.maven-pom" value="" />
    <property name="libs.hibernate4-persistence.javadoc" value="/Users/lucacambiaghi/Downloads/OpenESB-SE-3.0.5/OE-Studio/netbeans/java/modules/ext/docs/javax.persistence-2.1.0-doc.zip" />
    <property name="libs.junit_4.javadoc" value="/Users/lucacambiaghi/Downloads/OpenESB-SE-3.0.5/OE-Studio/netbeans/java/docs/junit-4.10-javadoc.jar" />
    <property name="libs.EclipseLink-GlassFish-v3.maven-pom" value="" />
    <property name="libs.javaee-web-api-6.0.maven-pom" value="" />
    <property name="run.classpath" value="/Users/lucacambiaghi/Downloads/OpenESB-SE-3.0.5/OE-Studio/netbeans/enterprise/modules/ext/jaxrs-2.0/javax.ws.rs-api-2.0.jar:/Users/lucacambiaghi/Downloads/OpenESB-SE-3.0.5/OE-Studio/netbeans/enterprise/modules/ext/jersey2/ext/asm-all-repackaged-2.2.0-b21.jar:/Users/lucacambiaghi/Downloads/OpenESB-SE-3.0.5/OE-Studio/netbeans/enterprise/modules/ext/jersey2/ext/cglib-2.2.0-b21.jar:/Users/lucacambiaghi/Downloads/OpenESB-SE-3.0.5/OE-Studio/netbeans/enterprise/modules/ext/jersey2/ext/guava-14.0.1.jar:/Users/lucacambiaghi/Downloads/OpenESB-SE-3.0.5/OE-Studio/netbeans/enterprise/modules/ext/jersey2/ext/hk2-api-2.2.0-b21.jar:/Users/lucacambiaghi/Downloads/OpenESB-SE-3.0.5/OE-Studio/netbeans/enterprise/modules/ext/jersey2/ext/hk2-locator-2.2.0-b21.jar:/Users/lucacambiaghi/Downloads/OpenESB-SE-3.0.5/OE-Studio/netbeans/enterprise/modules/ext/jersey2/ext/hk2-utils-2.2.0-b21.jar:/Users/lucacambiaghi/Downloads/OpenESB-SE-3.0.5/OE-Studio/netbeans/enterprise/modules/ext/jersey2/ext/javax.annotation-api-1.2.jar:/Users/lucacambiaghi/Downloads/OpenESB-SE-3.0.5/OE-Studio/netbeans/enterprise/modules/ext/jersey2/ext/javax.inject-2.2.0-b21.jar:/Users/lucacambiaghi/Downloads/OpenESB-SE-3.0.5/OE-Studio/netbeans/enterprise/modules/ext/jersey2/ext/javax.servlet-api-3.0.1.jar:/Users/lucacambiaghi/Downloads/OpenESB-SE-3.0.5/OE-Studio/netbeans/enterprise/modules/ext/jersey2/ext/jaxb-api-2.2.7.jar:/Users/lucacambiaghi/Downloads/OpenESB-SE-3.0.5/OE-Studio/netbeans/enterprise/modules/ext/jersey2/ext/jersey-entity-filtering-2.5.1.jar:/Users/lucacambiaghi/Downloads/OpenESB-SE-3.0.5/OE-Studio/netbeans/enterprise/modules/ext/jersey2/ext/jersey-media-moxy-2.5.1.jar:/Users/lucacambiaghi/Downloads/OpenESB-SE-3.0.5/OE-Studio/netbeans/enterprise/modules/ext/jersey2/ext/org.osgi.core-4.2.0.jar:/Users/lucacambiaghi/Downloads/OpenESB-SE-3.0.5/OE-Studio/netbeans/enterprise/modules/ext/jersey2/ext/osgi-resource-locator-1.0.1.jar:/Users/lucacambiaghi/Downloads/OpenESB-SE-3.0.5/OE-Studio/netbeans/enterprise/modules/ext/jersey2/ext/persistence-api-1.0.jar:/Users/lucacambiaghi/Downloads/OpenESB-SE-3.0.5/OE-Studio/netbeans/enterprise/modules/ext/jersey2/ext/validation-api-1.1.0.Final.jar:/Users/lucacambiaghi/Downloads/OpenESB-SE-3.0.5/OE-Studio/netbeans/enterprise/modules/ext/jersey2/jersey-client.jar:/Users/lucacambiaghi/Downloads/OpenESB-SE-3.0.5/OE-Studio/netbeans/enterprise/modules/ext/jersey2/jersey-common.jar:/Users/lucacambiaghi/Downloads/OpenESB-SE-3.0.5/OE-Studio/netbeans/enterprise/modules/ext/jersey2/jersey-container-servlet.jar:/Users/lucacambiaghi/Downloads/OpenESB-SE-3.0.5/OE-Studio/netbeans/enterprise/modules/ext/jersey2/jersey-container-servlet-core.jar:/Users/lucacambiaghi/Downloads/OpenESB-SE-3.0.5/OE-Studio/netbeans/enterprise/modules/ext/jersey2/jersey-server.jar:/Users/lucacambiaghi/Downloads/OpenESB-SE-3.0.5/OE-Studio/netbeans/java/modules/ext/eclipselink/eclipselink.jar:/Users/lucacambiaghi/Downloads/OpenESB-SE-3.0.5/OE-Studio/netbeans/platform/modules/ext/junit-4.10.jar:build/classes" />
    <property name="jna.boot.library.name" value="jnidispatch-410" />
    <property name="libs.javaee-endorsed-api-6.0.javadoc" value="/Users/lucacambiaghi/Downloads/OpenESB-SE-3.0.5/OE-Studio/netbeans/enterprise/docs/javaee-doc-api.jar" />
    <property name="libs.javaee-api-7.0.classpath" value="/Users/lucacambiaghi/Downloads/OpenESB-SE-3.0.5/OE-Studio/netbeans/enterprise/modules/ext/javaee-api-7.0.jar" />
    <property name="sun.awt.datatransfer.timeout" value="1000" />
    <property name="libs.PojoSELib.classpath" value="/Users/lucacambiaghi/Downloads/OpenESB-SE-3.0.5/OE-Studio/netbeans/soa/modules/ext/sun-pojo-engine-api.jar:/Users/lucacambiaghi/Downloads/OpenESB-SE-3.0.5/OE-Studio/netbeans/soa/modules/ext/jbi.jar" />
    <property name="libs.spring-webmvc3.0.javadoc" value="" />
    <property name="libs.jpa2-persistence.maven-pom" value="" />
    <property name="annotation.processing.enabled.in.editor" value="false" />
    <property name="libs.hibernate4-support.classpath" value="/Users/lucacambiaghi/Downloads/OpenESB-SE-3.0.5/OE-Studio/netbeans/java/modules/ext/hibernate4/antlr-2.7.7.jar:/Users/lucacambiaghi/Downloads/OpenESB-SE-3.0.5/OE-Studio/netbeans/java/modules/ext/hibernate4/c3p0-0.9.2.1.jar:/Users/lucacambiaghi/Downloads/OpenESB-SE-3.0.5/OE-Studio/netbeans/java/modules/ext/hibernate4/hibernate-c3p0-4.3.1.Final.jar:/Users/lucacambiaghi/Downloads/OpenESB-SE-3.0.5/OE-Studio/netbeans/java/modules/ext/hibernate4/mchange-commons-java-0.2.3.4.jar:/Users/lucacambiaghi/Downloads/OpenESB-SE-3.0.5/OE-Studio/netbeans/java/modules/ext/hibernate4/dom4j-1.6.1.jar:/Users/lucacambiaghi/Downloads/OpenESB-SE-3.0.5/OE-Studio/netbeans/java/modules/ext/hibernate4/ehcache-core-2.4.3.jar:/Users/lucacambiaghi/Downloads/OpenESB-SE-3.0.5/OE-Studio/netbeans/java/modules/ext/hibernate4/hibernate-ehcache-4.3.1.Final.jar:/Users/lucacambiaghi/Downloads/OpenESB-SE-3.0.5/OE-Studio/netbeans/java/modules/ext/hibernate4/hibernate-core-4.3.1.Final.jar:/Users/lucacambiaghi/Downloads/OpenESB-SE-3.0.5/OE-Studio/netbeans/java/modules/ext/hibernate4/jboss-logging-3.1.3.GA.jar:/Users/lucacambiaghi/Downloads/OpenESB-SE-3.0.5/OE-Studio/netbeans/java/modules/ext/hibernate4/hibernate-commons-annotations-4.0.4.Final.jar:/Users/lucacambiaghi/Downloads/OpenESB-SE-3.0.5/OE-Studio/netbeans/java/modules/ext/hibernate4/hibernate-entitymanager-4.3.1.Final.jar:/Users/lucacambiaghi/Downloads/OpenESB-SE-3.0.5/OE-Studio/netbeans/java/modules/ext/hibernate4/javassist-3.18.1-GA.jar:/Users/lucacambiaghi/Downloads/OpenESB-SE-3.0.5/OE-Studio/netbeans/java/modules/ext/hibernate4/jboss-transaction-api_1.2_spec-1.0.0.Final.jar:/Users/lucacambiaghi/Downloads/OpenESB-SE-3.0.5/OE-Studio/netbeans/java/modules/ext/hibernate4/slf4j-api-1.6.1.jar:/Users/lucacambiaghi/Downloads/OpenESB-SE-3.0.5/OE-Studio/netbeans/java/modules/ext/hibernate4/slf4j-simple-1.6.1.jar" />
    <property name="nb.native.filechooser" value="false" />
    <property name="libs.restapi.src" value="" />
    <property name="sun.management.compiler" value="HotSpot 64-Bit Tiered Compilers" />
    <property name="javac.deprecation" value="false" />
    <property name="javadoc.use" value="true" />
    <property name="sun.java2d.noddraw" value="true" />
    <property name="libs.jsp-compiler.classpath" value="/Users/lucacambiaghi/Downloads/OpenESB-SE-3.0.5/OE-Studio/netbeans/enterprise/ant/extra/jspcompile.jar" />
    <property name="javac.processorpath" value="/Users/lucacambiaghi/Downloads/OpenESB-SE-3.0.5/OE-Studio/netbeans/enterprise/modules/ext/jaxrs-2.0/javax.ws.rs-api-2.0.jar:/Users/lucacambiaghi/Downloads/OpenESB-SE-3.0.5/OE-Studio/netbeans/enterprise/modules/ext/jersey2/ext/asm-all-repackaged-2.2.0-b21.jar:/Users/lucacambiaghi/Downloads/OpenESB-SE-3.0.5/OE-Studio/netbeans/enterprise/modules/ext/jersey2/ext/cglib-2.2.0-b21.jar:/Users/lucacambiaghi/Downloads/OpenESB-SE-3.0.5/OE-Studio/netbeans/enterprise/modules/ext/jersey2/ext/guava-14.0.1.jar:/Users/lucacambiaghi/Downloads/OpenESB-SE-3.0.5/OE-Studio/netbeans/enterprise/modules/ext/jersey2/ext/hk2-api-2.2.0-b21.jar:/Users/lucacambiaghi/Downloads/OpenESB-SE-3.0.5/OE-Studio/netbeans/enterprise/modules/ext/jersey2/ext/hk2-locator-2.2.0-b21.jar:/Users/lucacambiaghi/Downloads/OpenESB-SE-3.0.5/OE-Studio/netbeans/enterprise/modules/ext/jersey2/ext/hk2-utils-2.2.0-b21.jar:/Users/lucacambiaghi/Downloads/OpenESB-SE-3.0.5/OE-Studio/netbeans/enterprise/modules/ext/jersey2/ext/javax.annotation-api-1.2.jar:/Users/lucacambiaghi/Downloads/OpenESB-SE-3.0.5/OE-Studio/netbeans/enterprise/modules/ext/jersey2/ext/javax.inject-2.2.0-b21.jar:/Users/lucacambiaghi/Downloads/OpenESB-SE-3.0.5/OE-Studio/netbeans/enterprise/modules/ext/jersey2/ext/javax.servlet-api-3.0.1.jar:/Users/lucacambiaghi/Downloads/OpenESB-SE-3.0.5/OE-Studio/netbeans/enterprise/modules/ext/jersey2/ext/jaxb-api-2.2.7.jar:/Users/lucacambiaghi/Downloads/OpenESB-SE-3.0.5/OE-Studio/netbeans/enterprise/modules/ext/jersey2/ext/jersey-entity-filtering-2.5.1.jar:/Users/lucacambiaghi/Downloads/OpenESB-SE-3.0.5/OE-Studio/netbeans/enterprise/modules/ext/jersey2/ext/jersey-media-moxy-2.5.1.jar:/Users/lucacambiaghi/Downloads/OpenESB-SE-3.0.5/OE-Studio/netbeans/enterprise/modules/ext/jersey2/ext/org.osgi.core-4.2.0.jar:/Users/lucacambiaghi/Downloads/OpenESB-SE-3.0.5/OE-Studio/netbeans/enterprise/modules/ext/jersey2/ext/osgi-resource-locator-1.0.1.jar:/Users/lucacambiaghi/Downloads/OpenESB-SE-3.0.5/OE-Studio/netbeans/enterprise/modules/ext/jersey2/ext/persistence-api-1.0.jar:/Users/lucacambiaghi/Downloads/OpenESB-SE-3.0.5/OE-Studio/netbeans/enterprise/modules/ext/jersey2/ext/validation-api-1.1.0.Final.jar:/Users/lucacambiaghi/Downloads/OpenESB-SE-3.0.5/OE-Studio/netbeans/enterprise/modules/ext/jersey2/jersey-client.jar:/Users/lucacambiaghi/Downloads/OpenESB-SE-3.0.5/OE-Studio/netbeans/enterprise/modules/ext/jersey2/jersey-common.jar:/Users/lucacambiaghi/Downloads/OpenESB-SE-3.0.5/OE-Studio/netbeans/enterprise/modules/ext/jersey2/jersey-container-servlet.jar:/Users/lucacambiaghi/Downloads/OpenESB-SE-3.0.5/OE-Studio/netbeans/enterprise/modules/ext/jersey2/jersey-container-servlet-core.jar:/Users/lucacambiaghi/Downloads/OpenESB-SE-3.0.5/OE-Studio/netbeans/enterprise/modules/ext/jersey2/jersey-server.jar:/Users/lucacambiaghi/Downloads/OpenESB-SE-3.0.5/OE-Studio/netbeans/java/modules/ext/eclipselink/eclipselink.jar:/Users/lucacambiaghi/Downloads/OpenESB-SE-3.0.5/OE-Studio/netbeans/platform/modules/ext/junit-4.10.jar" />
    <property name="javac.compilerargs" value="" />
    <property name="ant.file" value="/Users/lucacambiaghi/TravelGood/RESTClient/build.xml" />
    <property name="libs.beans-binding.maven-pom" value="" />
    <property name="libs.hibernate4-support.javadoc" value="/Users/lucacambiaghi/Downloads/OpenESB-SE-3.0.5/OE-Studio/netbeans/java/modules/ext/docs/javax.persistence-2.1.0-doc.zip" />
    <property name="libs.jsf12.classpath" value="/Users/lucacambiaghi/Downloads/OpenESB-SE-3.0.5/OE-Studio/netbeans/enterprise/modules/ext/jsf-1_2/commons-beanutils.jar:/Users/lucacambiaghi/Downloads/OpenESB-SE-3.0.5/OE-Studio/netbeans/enterprise/modules/ext/jsf-1_2/commons-collections.jar:/Users/lucacambiaghi/Downloads/OpenESB-SE-3.0.5/OE-Studio/netbeans/enterprise/modules/ext/jsf-1_2/commons-digester.jar:/Users/lucacambiaghi/Downloads/OpenESB-SE-3.0.5/OE-Studio/netbeans/enterprise/modules/ext/jsf-1_2/commons-logging.jar:/Users/lucacambiaghi/Downloads/OpenESB-SE-3.0.5/OE-Studio/netbeans/enterprise/modules/ext/jsf-1_2/jsf-api.jar:/Users/lucacambiaghi/Downloads/OpenESB-SE-3.0.5/OE-Studio/netbeans/enterprise/modules/ext/jsf-1_2/jsf-impl.jar" />
    <property name="libs.Java-EE-GlassFish-v3-Prelude.classpath" value="/Users/lucacambiaghi/Downloads/glassfish4/glassfish/modules/endorsed/javax.annotation-api.jar:/Users/lucacambiaghi/Downloads/glassfish4/glassfish/modules/endorsed/jaxb-api.jar:/Users/lucacambiaghi/Downloads/glassfish4/glassfish/modules/endorsed/webservices-api-osgi.jar:/Users/lucacambiaghi/Downloads/glassfish4/glassfish/modules/bean-validator.jar:/Users/lucacambiaghi/Downloads/glassfish4/glassfish/modules/javax.batch-api.jar:/Users/lucacambiaghi/Downloads/glassfish4/glassfish/modules/javax.ejb-api.jar:/Users/lucacambiaghi/Downloads/glassfish4/glassfish/modules/javax.el.jar:/Users/lucacambiaghi/Downloads/glassfish4/glassfish/modules/javax.enterprise.concurrent-api.jar:/Users/lucacambiaghi/Downloads/glassfish4/glassfish/modules/javax.enterprise.concurrent.jar:/Users/lucacambiaghi/Downloads/glassfish4/glassfish/modules/javax.enterprise.deploy-api.jar:/Users/lucacambiaghi/Downloads/glassfish4/glassfish/modules/javax.faces.jar:/Users/lucacambiaghi/Downloads/glassfish4/glassfish/modules/javax.inject.jar:/Users/lucacambiaghi/Downloads/glassfish4/glassfish/modules/javax.interceptor-api.jar:/Users/lucacambiaghi/Downloads/glassfish4/glassfish/modules/javax.jms-api.jar:/Users/lucacambiaghi/Downloads/glassfish4/glassfish/modules/javax.json.jar:/Users/lucacambiaghi/Downloads/glassfish4/glassfish/modules/javax.mail.jar:/Users/lucacambiaghi/Downloads/glassfish4/glassfish/modules/javax.management.j2ee-api.jar:/Users/lucacambiaghi/Downloads/glassfish4/glassfish/modules/javax.persistence.jar:/Users/lucacambiaghi/Downloads/glassfish4/glassfish/modules/javax.resource-api.jar:/Users/lucacambiaghi/Downloads/glassfish4/glassfish/modules/javax.security.auth.message-api.jar:/Users/lucacambiaghi/Downloads/glassfish4/glassfish/modules/javax.security.jacc-api.jar:/Users/lucacambiaghi/Downloads/glassfish4/glassfish/modules/javax.servlet-api.jar:/Users/lucacambiaghi/Downloads/glassfish4/glassfish/modules/javax.servlet.jsp-api.jar:/Users/lucacambiaghi/Downloads/glassfish4/glassfish/modules/javax.servlet.jsp.jar:/Users/lucacambiaghi/Downloads/glassfish4/glassfish/modules/javax.servlet.jsp.jstl-api.jar:/Users/lucacambiaghi/Downloads/glassfish4/glassfish/modules/javax.servlet.jsp.jstl.jar:/Users/lucacambiaghi/Downloads/glassfish4/glassfish/modules/javax.transaction-api.jar:/Users/lucacambiaghi/Downloads/glassfish4/glassfish/modules/javax.websocket-api.jar:/Users/lucacambiaghi/Downloads/glassfish4/glassfish/modules/javax.ws.rs-api.jar:/Users/lucacambiaghi/Downloads/glassfish4/glassfish/modules/javax.xml.registry-api.jar:/Users/lucacambiaghi/Downloads/glassfish4/glassfish/modules/javax.xml.rpc-api.jar:/Users/lucacambiaghi/Downloads/glassfish4/glassfish/modules/jaxb-osgi.jar:/Users/lucacambiaghi/Downloads/glassfish4/glassfish/modules/webservices-osgi.jar:/Users/lucacambiaghi/Downloads/glassfish4/glassfish/modules/weld-osgi-bundle.jar:/Users/lucacambiaghi/Downloads/glassfish4/mq/lib/jaxm-api.jar" />
    <property name="libs.Encoder-HL7.src" value="" />
    <property name="libs.jstl.maven-pom" value="" />
    <property name="libs.restapi.maven-pom" value="" />
    <property name="libs.beans-binding.src" value="" />
    <property name="java.vm.specification.vendor" value="Oracle Corporation" />
    <property name="libs.swing-layout.src" value="/Users/lucacambiaghi/Downloads/OpenESB-SE-3.0.5/OE-Studio/netbeans/platform/docs/swing-layout-1.0.4-src.zip" />
    <property name="org.openide.major.version" value="IDE/1" />
    <property name="java.vm.name" value="Java HotSpot(TM) 64-Bit Server VM" />
    <property name="libs.Encoder-Custom.maven-pom" value="" />
    <property name="netbeans.user" value="/Users/lucacambiaghi/Library/Application Support/OpenESB_Studio/3.1.0-SNAPSHOT" />
    <property name="javadoc.additionalparam" value="" />
    <property name="java.io.tmpdir" value="/var/folders/65/bkzmjzvd4_vdbntx_q3h_ft40000gn/T/" />
    <property name="java.vendor.url" value="http://java.oracle.com/" />
    <property name="endorsed.classpath.cmd.line.arg" value="" />
    <property name="junit.available" value="true" />
    <property name="libs.jsp-compiler.src" value="" />
    <property name="org.openide.awt.ActionReference.completion" value="org.netbeans.modules.apisupport.project.layers.PathCompletions" />
    <property name="libs.Encoder-COCO.src" value="" />
    <property name="sun.boot.library.path" value="/Library/Java/JavaVirtualMachines/jdk1.8.0_101.jdk/Contents/Home/jre/lib" />
    <property name="have.sources" value="true" />
    <property name="debug.classpath" value="/Users/lucacambiaghi/Downloads/OpenESB-SE-3.0.5/OE-Studio/netbeans/enterprise/modules/ext/jaxrs-2.0/javax.ws.rs-api-2.0.jar:/Users/lucacambiaghi/Downloads/OpenESB-SE-3.0.5/OE-Studio/netbeans/enterprise/modules/ext/jersey2/ext/asm-all-repackaged-2.2.0-b21.jar:/Users/lucacambiaghi/Downloads/OpenESB-SE-3.0.5/OE-Studio/netbeans/enterprise/modules/ext/jersey2/ext/cglib-2.2.0-b21.jar:/Users/lucacambiaghi/Downloads/OpenESB-SE-3.0.5/OE-Studio/netbeans/enterprise/modules/ext/jersey2/ext/guava-14.0.1.jar:/Users/lucacambiaghi/Downloads/OpenESB-SE-3.0.5/OE-Studio/netbeans/enterprise/modules/ext/jersey2/ext/hk2-api-2.2.0-b21.jar:/Users/lucacambiaghi/Downloads/OpenESB-SE-3.0.5/OE-Studio/netbeans/enterprise/modules/ext/jersey2/ext/hk2-locator-2.2.0-b21.jar:/Users/lucacambiaghi/Downloads/OpenESB-SE-3.0.5/OE-Studio/netbeans/enterprise/modules/ext/jersey2/ext/hk2-utils-2.2.0-b21.jar:/Users/lucacambiaghi/Downloads/OpenESB-SE-3.0.5/OE-Studio/netbeans/enterprise/modules/ext/jersey2/ext/javax.annotation-api-1.2.jar:/Users/lucacambiaghi/Downloads/OpenESB-SE-3.0.5/OE-Studio/netbeans/enterprise/modules/ext/jersey2/ext/javax.inject-2.2.0-b21.jar:/Users/lucacambiaghi/Downloads/OpenESB-SE-3.0.5/OE-Studio/netbeans/enterprise/modules/ext/jersey2/ext/javax.servlet-api-3.0.1.jar:/Users/lucacambiaghi/Downloads/OpenESB-SE-3.0.5/OE-Studio/netbeans/enterprise/modules/ext/jersey2/ext/jaxb-api-2.2.7.jar:/Users/lucacambiaghi/Downloads/OpenESB-SE-3.0.5/OE-Studio/netbeans/enterprise/modules/ext/jersey2/ext/jersey-entity-filtering-2.5.1.jar:/Users/lucacambiaghi/Downloads/OpenESB-SE-3.0.5/OE-Studio/netbeans/enterprise/modules/ext/jersey2/ext/jersey-media-moxy-2.5.1.jar:/Users/lucacambiaghi/Downloads/OpenESB-SE-3.0.5/OE-Studio/netbeans/enterprise/modules/ext/jersey2/ext/org.osgi.core-4.2.0.jar:/Users/lucacambiaghi/Downloads/OpenESB-SE-3.0.5/OE-Studio/netbeans/enterprise/modules/ext/jersey2/ext/osgi-resource-locator-1.0.1.jar:/Users/lucacambiaghi/Downloads/OpenESB-SE-3.0.5/OE-Studio/netbeans/enterprise/modules/ext/jersey2/ext/persistence-api-1.0.jar:/Users/lucacambiaghi/Downloads/OpenESB-SE-3.0.5/OE-Studio/netbeans/enterprise/modules/ext/jersey2/ext/validation-api-1.1.0.Final.jar:/Users/lucacambiaghi/Downloads/OpenESB-SE-3.0.5/OE-Studio/netbeans/enterprise/modules/ext/jersey2/jersey-client.jar:/Users/lucacambiaghi/Downloads/OpenESB-SE-3.0.5/OE-Studio/netbeans/enterprise/modules/ext/jersey2/jersey-common.jar:/Users/lucacambiaghi/Downloads/OpenESB-SE-3.0.5/OE-Studio/netbeans/enterprise/modules/ext/jersey2/jersey-container-servlet.jar:/Users/lucacambiaghi/Downloads/OpenESB-SE-3.0.5/OE-Studio/netbeans/enterprise/modules/ext/jersey2/jersey-container-servlet-core.jar:/Users/lucacambiaghi/Downloads/OpenESB-SE-3.0.5/OE-Studio/netbeans/enterprise/modules/ext/jersey2/jersey-server.jar:/Users/lucacambiaghi/Downloads/OpenESB-SE-3.0.5/OE-Studio/netbeans/java/modules/ext/eclipselink/eclipselink.jar:/Users/lucacambiaghi/Downloads/OpenESB-SE-3.0.5/OE-Studio/netbeans/platform/modules/ext/junit-4.10.jar:build/classes" />
    <property name="javadoc.private" value="false" />
    <property name="test.src.dir" value="test" />
    <property name="libs.jsf20.classpath" value="/Users/lucacambiaghi/Downloads/OpenESB-SE-3.0.5/OE-Studio/netbeans/enterprise/modules/ext/jsf-2_2/javax.faces.jar" />
    <property name="ap.processors.internal" value="" />
    <property name="meta.inf.dir" value="src/META-INF" />
    <property name="javadoc.encoding.used" value="UTF-8" />
    <property name="dist.jar" value="dist/RESTClient.jar" />
    <property name="libs.spring-framework400.maven-pom" value="" />
    <property name="java.runtime.name" value="Java(TM) SE Runtime Environment" />
    <property name="ant.project.name" value="RESTClient" />
    <property name="libs.PojoSELib.javadoc" value="/Users/lucacambiaghi/Downloads/OpenESB-SE-3.0.5/OE-Studio/netbeans/soa/modules/ext/sun-pojo-engine-api-javadoc.jar" />
    <property name="netbeans.hash.code" value="unique=0e4135fcd-6c4a-4485-a452-92bd87fb507e" />
    <property name="libs.jsp-compilation-syscp.maven-pom" value="" />
    <property name="sun.cpu.isalist" value="" />
    <property name="libs.spring-framework400.javadoc" value="" />
    <property name="libs.CopyLibs.javadoc" value="" />
    <property name="org.openide.specification.version" value="6.2" />
    <property name="user.home" value="/Users/lucacambiaghi" />
    <property name="ant.file.RESTClient" value="/Users/lucacambiaghi/TravelGood/RESTClient/build.xml" />
    <property name="annotation.processing.processors.list" value="" />
    <property name="libs.primefaces.maven-pom" value="" />
    <property name="debug-args-line" value="-Xdebug" />
    <property name="libs.javaee-api-6.0.maven-pom" value="" />
    <property name="libs.JWSAntTasks.src" value="" />
    <property name="jar.index" value="false" />
    <property name="libs.CopyLibs.maven-pom" value="" />
    <property name="libs.spring-framework300.javadoc" value="" />
    <property name="libs.absolutelayout.javadoc" value="" />
    <property name="java.specification.name" value="Java Platform API Specification" />
    <property name="libs.Encoder-COCO.maven-pom" value="" />
    <property name="ant.file.RESTClient-impl" value="/Users/lucacambiaghi/TravelGood/RESTClient/nbproject/build-impl.xml" />
    <property name="do.archive+main.class.available" value="true" />
    <property name="ide.module.install.dir" value="/Users/lucacambiaghi/Downloads/OpenESB-SE-3.0.5/OE-Studio/netbeans/ide/modules" />
    <property name="java.specification.vendor" value="Oracle Corporation" />
    <property name="libs.javac-api.classpath" value="/Users/lucacambiaghi/Downloads/OpenESB-SE-3.0.5/OE-Studio/netbeans/java/modules/ext/nb-javac-api.jar" />
    <property name="java.version" value="1.8.0_101" />
    <property name="run.jvmargs.ide" value="" />
    <property name="javadoc.version" value="false" />
    <property name="libs.MySQLDriver.javadoc" value="" />
    <property name="org.openide.version" value="deprecated" />
    <property name="platform.java" value="/Library/Java/JavaVirtualMachines/jdk1.8.0_101.jdk/Contents/Home/jre/bin/java" />
    <property name="source.encoding" value="UTF-8" />
    <property name="ap.cmd.line.internal" value="" />
    <property name="libs.eclipselinkmodelgen.maven-pom" value="" />
    <property name="libs.jsp-compilation-syscp.javadoc" value="" />
    <property name="libs.junit.maven-pom" value="" />
    <property name="libs.javaee-endorsed-api-7.0.classpath" value="/Users/lucacambiaghi/Downloads/OpenESB-SE-3.0.5/OE-Studio/netbeans/enterprise/modules/ext/javaee7-endorsed/javax.annotation-api.jar:/Users/lucacambiaghi/Downloads/OpenESB-SE-3.0.5/OE-Studio/netbeans/enterprise/modules/ext/javaee7-endorsed/javax.xml.soap-api.jar:/Users/lucacambiaghi/Downloads/OpenESB-SE-3.0.5/OE-Studio/netbeans/enterprise/modules/ext/javaee7-endorsed/jaxb-api-osgi.jar:/Users/lucacambiaghi/Downloads/OpenESB-SE-3.0.5/OE-Studio/netbeans/enterprise/modules/ext/javaee7-endorsed/jaxws-api.jar:/Users/lucacambiaghi/Downloads/OpenESB-SE-3.0.5/OE-Studio/netbeans/enterprise/modules/ext/javaee7-endorsed/jsr181-api.jar" />
    <property name="libs.eclipselinkmodelgen.javadoc" value="" />
    <property name="libs.metro.javadoc" value="/Users/lucacambiaghi/Downloads/OpenESB-SE-3.0.5/OE-Studio/netbeans/enterprise/docs/metro-1.4-doc.zip" />
    <property name="libs.struts.maven-pom" value="" />
    <property name="netbeans.home+have.tests" value="true" />
    <property name="annotation.processing.processor.options" value="" />
    <property name="libs.testng.maven-pom" value="" />
    <property name="libs.jaxb.src" value="" />
    <property name="libs.Encoder-HL7.maven-pom" value="" />
    <property name="work.dir" value="/Users/lucacambiaghi/TravelGood/RESTClient" />
    <property name="libs.jaxb.classpath" value="/Users/lucacambiaghi/Downloads/OpenESB-SE-3.0.5/OE-Studio/netbeans/ide/modules/ext/jaxb/jaxb-impl.jar:/Users/lucacambiaghi/Downloads/OpenESB-SE-3.0.5/OE-Studio/netbeans/ide/modules/ext/jaxb/jaxb-xjc.jar:/Users/lucacambiaghi/Downloads/OpenESB-SE-3.0.5/OE-Studio/netbeans/ide/modules/ext/jaxb/jaxb1-impl.jar:/Users/lucacambiaghi/Downloads/OpenESB-SE-3.0.5/OE-Studio/netbeans/ide/modules/ext/jaxb/activation.jar:/Users/lucacambiaghi/Downloads/OpenESB-SE-3.0.5/OE-Studio/netbeans/ide/modules/ext/jaxb/api/jaxb-api.jar:/Users/lucacambiaghi/Downloads/OpenESB-SE-3.0.5/OE-Studio/netbeans/ide/modules/ext/jaxb/api/jsr173_1.0_api.jar" />
    <property name="do.depend" value="false" />
    <property name="dist.javadoc.dir" value="dist/javadoc" />
    <property name="libs.spring-webmvc3.0.classpath" value="/Users/lucacambiaghi/Downloads/OpenESB-SE-3.0.5/OE-Studio/netbeans/java/modules/ext/spring-3.0/spring-webmvc-3.2.7.RELEASE.jar" />
    <property name="libs.swing-layout.classpath" value="/Users/lucacambiaghi/Downloads/OpenESB-SE-3.0.5/OE-Studio/netbeans/platform/modules/ext/swing-layout-1.0.4.jar" />
    <property name="libs.javaee-web-api-7.0.maven-pom" value="" />
    <property name="libs.restlib.src" value="" />
    <property name="javac.source" value="1.8" />
    <property name="build.generated.dir" value="build/generated" />
    <property name="line.separator" value="&#xa;" />
    <property name="java.specification.version" value="1.8" />
    <property name="java.vm.info" value="mixed mode" />
    <property name="libs.jaxws21.maven-pom" value="" />
    <property name="nb.junit.batch" value="true" />
    <property name="junit.forkmode" value="perTest" />
    <property name="user.country.format" value="IT" />
    <property name="sun.boot.class.path" value="/Library/Java/JavaVirtualMachines/jdk1.8.0_101.jdk/Contents/Home/jre/lib/resources.jar:/Library/Java/JavaVirtualMachines/jdk1.8.0_101.jdk/Contents/Home/jre/lib/rt.jar:/Library/Java/JavaVirtualMachines/jdk1.8.0_101.jdk/Contents/Home/jre/lib/sunrsasign.jar:/Library/Java/JavaVirtualMachines/jdk1.8.0_101.jdk/Contents/Home/jre/lib/jsse.jar:/Library/Java/JavaVirtualMachines/jdk1.8.0_101.jdk/Contents/Home/jre/lib/jce.jar:/Library/Java/JavaVirtualMachines/jdk1.8.0_101.jdk/Contents/Home/jre/lib/charsets.jar:/Library/Java/JavaVirtualMachines/jdk1.8.0_101.jdk/Contents/Home/jre/lib/jfr.jar:/Library/Java/JavaVirtualMachines/jdk1.8.0_101.jdk/Contents/Home/jre/classes" />
    <property name="javac.target" value="1.8" />
    <property name="built-jar.properties" value="/Users/lucacambiaghi/TravelGood/RESTClient/build/built-jar.properties" />
    <property name="build.test.classes.dir" value="build/test/classes" />
    <property name="src.dir" value="src" />
    <property name="libs.Encoder-Framework.maven-pom" value="" />
    <property name="annotation.processing.enabled" value="true" />
    <property name="libs.jpa2-persistence.src" value="" />
    <property name="ant.file.type.RESTClient-impl" value="file" />
    <property name="libs.jsf20.src" value="" />
    <property name="libs.jpa20-persistence.src" value="" />
    <property name="libs.jsf12.src" value="" />
    <property name="libs.JAVADB_DRIVER_LABEL.maven-pom" value="" />
    <property name="libs.struts.javadoc" value="/Users/lucacambiaghi/Downloads/OpenESB-SE-3.0.5/OE-Studio/netbeans/enterprise/docs/struts-1.3.10-javadoc.zip" />
    <property name="ignore.failing.tests" value="true" />
    <property name="libs.Comet-GlassFish-v3.classpath" value="" />
    <property name="libs.javaee-web-api-7.0.src" value="" />
    <property name="libs.primefaces.src" value="" />
    <property name="dist.dir" value="dist" />
    <property name="testng.debug.mode" value="" />
    <property name="javac.fork" value="false" />
    <property name="java.awt.printerjob" value="sun.lwawt.macosx.CPrinterJob" />
    <property name="default.javac.source" value="1.8" />
    <property name="debug-transport-by-os" value="dt_socket" />
    <property name="sun.jnu.encoding" value="UTF-8" />
    <property name="libs.MySQLDriver.src" value="" />
    <property name="libs.Encoder-COCO.javadoc" value="" />
    <property name="java.runtime.version" value="1.8.0_101-b13" />
    <property name="build.test.results.dir" value="build/test/results" />
    <property name="jna.platform.library.path" value="/usr/lib:/usr/lib" />
    <property name="default.javac.target" value="1.8" />
    <property name="libs.junit_4.classpath" value="/Users/lucacambiaghi/Downloads/OpenESB-SE-3.0.5/OE-Studio/netbeans/platform/modules/ext/junit-4.10.jar" />
    <property name="user.timezone" value="" />
    <property name="nb.junit.single" value="false" />
    <property name="libs.JAVADB_DRIVER_LABEL.javadoc" value="" />
    <property name="libs.javaee-endorsed-api-6.0.maven-pom" value="" />
    <property name="netbeans.dirs" value="/Users/lucacambiaghi/Downloads/OpenESB-SE-3.0.5/OE-Studio/netbeans/bin/../soa:/Users/lucacambiaghi/Downloads/OpenESB-SE-3.0.5/OE-Studio/netbeans/bin/../extide:/Users/lucacambiaghi/Downloads/OpenESB-SE-3.0.5/OE-Studio/netbeans/bin/../apisupport:/Users/lucacambiaghi/Downloads/OpenESB-SE-3.0.5/OE-Studio/netbeans/bin/../enterprise:/Users/lucacambiaghi/Downloads/OpenESB-SE-3.0.5/OE-Studio/netbeans/bin/../ergonomics:/Users/lucacambiaghi/Downloads/OpenESB-SE-3.0.5/OE-Studio/netbeans/bin/../harness:/Users/lucacambiaghi/Downloads/OpenESB-SE-3.0.5/OE-Studio/netbeans/bin/../ide:/Users/lucacambiaghi/Downloads/OpenESB-SE-3.0.5/OE-Studio/netbeans/bin/../java:/Users/lucacambiaghi/Downloads/OpenESB-SE-3.0.5/OE-Studio/netbeans/bin/../nb:/Users/lucacambiaghi/Downloads/OpenESB-SE-3.0.5/OE-Studio/netbeans/bin/../profiler:/Users/lucacambiaghi/Downloads/OpenESB-SE-3.0.5/OE-Studio/netbeans/bin/../webcommon:/Users/lucacambiaghi/Downloads/OpenESB-SE-3.0.5/OE-Studio/netbeans/bin/../websvccommon:" />
    <property name="libs.jsf20.javadoc" value="/Users/lucacambiaghi/Downloads/OpenESB-SE-3.0.5/OE-Studio/netbeans/enterprise/docs/javaee-doc-api.jar" />
    <property name="libs.jstl.javadoc" value="/Users/lucacambiaghi/Downloads/OpenESB-SE-3.0.5/OE-Studio/netbeans/enterprise/docs/javaee-doc-api.jar" />
    <property name="java.ext.dirs" value="/Users/lucacambiaghi/Library/Java/Extensions:/Library/Java/JavaVirtualMachines/jdk1.8.0_101.jdk/Contents/Home/jre/lib/ext:/Library/Java/Extensions:/Network/Library/Java/Extensions:/System/Library/Java/Extensions:/usr/lib/java" />
    <property name="libs.metro.src" value="" />
    <property name="libs.absolutelayout.classpath" value="/Users/lucacambiaghi/Downloads/OpenESB-SE-3.0.5/OE-Studio/netbeans/java/modules/ext/AbsoluteLayout.jar" />
    <property name="excludes" value="" />
    <property name="libs.restlib.maven-pom" value="" />
    <property name="libs.metro.classpath" value="/Users/lucacambiaghi/Downloads/OpenESB-SE-3.0.5/OE-Studio/netbeans/ide/modules/ext/jaxb/activation.jar:/Users/lucacambiaghi/Downloads/OpenESB-SE-3.0.5/OE-Studio/netbeans/enterprise/modules/ext/metro/webservices-api.jar:/Users/lucacambiaghi/Downloads/OpenESB-SE-3.0.5/OE-Studio/netbeans/enterprise/modules/ext/metro/webservices-extra-api.jar:/Users/lucacambiaghi/Downloads/OpenESB-SE-3.0.5/OE-Studio/netbeans/enterprise/modules/ext/metro/webservices-extra.jar:/Users/lucacambiaghi/Downloads/OpenESB-SE-3.0.5/OE-Studio/netbeans/enterprise/modules/ext/metro/webservices-rt.jar:/Users/lucacambiaghi/Downloads/OpenESB-SE-3.0.5/OE-Studio/netbeans/enterprise/modules/ext/metro/webservices-tools.jar" />
    <property name="libs.jpa2-persistence.javadoc" value="/Users/lucacambiaghi/Downloads/OpenESB-SE-3.0.5/OE-Studio/netbeans/java/modules/ext/docs/javax.persistence-2.1.0-doc.zip" />
    <property name="java.class.path" value="/Users/lucacambiaghi/Downloads/OpenESB-SE-3.0.5/OE-Studio/netbeans/enterprise/modules/ext/jaxrs-2.0/javax.ws.rs-api-2.0.jar:/Users/lucacambiaghi/Downloads/OpenESB-SE-3.0.5/OE-Studio/netbeans/enterprise/modules/ext/jersey2/ext/asm-all-repackaged-2.2.0-b21.jar:/Users/lucacambiaghi/Downloads/OpenESB-SE-3.0.5/OE-Studio/netbeans/enterprise/modules/ext/jersey2/ext/cglib-2.2.0-b21.jar:/Users/lucacambiaghi/Downloads/OpenESB-SE-3.0.5/OE-Studio/netbeans/enterprise/modules/ext/jersey2/ext/guava-14.0.1.jar:/Users/lucacambiaghi/Downloads/OpenESB-SE-3.0.5/OE-Studio/netbeans/enterprise/modules/ext/jersey2/ext/hk2-api-2.2.0-b21.jar:/Users/lucacambiaghi/Downloads/OpenESB-SE-3.0.5/OE-Studio/netbeans/enterprise/modules/ext/jersey2/ext/hk2-locator-2.2.0-b21.jar:/Users/lucacambiaghi/Downloads/OpenESB-SE-3.0.5/OE-Studio/netbeans/enterprise/modules/ext/jersey2/ext/hk2-utils-2.2.0-b21.jar:/Users/lucacambiaghi/Downloads/OpenESB-SE-3.0.5/OE-Studio/netbeans/enterprise/modules/ext/jersey2/ext/javax.annotation-api-1.2.jar:/Users/lucacambiaghi/Downloads/OpenESB-SE-3.0.5/OE-Studio/netbeans/enterprise/modules/ext/jersey2/ext/javax.inject-2.2.0-b21.jar:/Users/lucacambiaghi/Downloads/OpenESB-SE-3.0.5/OE-Studio/netbeans/enterprise/modules/ext/jersey2/ext/javax.servlet-api-3.0.1.jar:/Users/lucacambiaghi/Downloads/OpenESB-SE-3.0.5/OE-Studio/netbeans/enterprise/modules/ext/jersey2/ext/jaxb-api-2.2.7.jar:/Users/lucacambiaghi/Downloads/OpenESB-SE-3.0.5/OE-Studio/netbeans/enterprise/modules/ext/jersey2/ext/jersey-entity-filtering-2.5.1.jar:/Users/lucacambiaghi/Downloads/OpenESB-SE-3.0.5/OE-Studio/netbeans/enterprise/modules/ext/jersey2/ext/jersey-media-moxy-2.5.1.jar:/Users/lucacambiaghi/Downloads/OpenESB-SE-3.0.5/OE-Studio/netbeans/enterprise/modules/ext/jersey2/ext/org.osgi.core-4.2.0.jar:/Users/lucacambiaghi/Downloads/OpenESB-SE-3.0.5/OE-Studio/netbeans/enterprise/modules/ext/jersey2/ext/osgi-resource-locator-1.0.1.jar:/Users/lucacambiaghi/Downloads/OpenESB-SE-3.0.5/OE-Studio/netbeans/enterprise/modules/ext/jersey2/ext/persistence-api-1.0.jar:/Users/lucacambiaghi/Downloads/OpenESB-SE-3.0.5/OE-Studio/netbeans/enterprise/modules/ext/jersey2/ext/validation-api-1.1.0.Final.jar:/Users/lucacambiaghi/Downloads/OpenESB-SE-3.0.5/OE-Studio/netbeans/enterprise/modules/ext/jersey2/jersey-client.jar:/Users/lucacambiaghi/Downloads/OpenESB-SE-3.0.5/OE-Studio/netbeans/enterprise/modules/ext/jersey2/jersey-common.jar:/Users/lucacambiaghi/Downloads/OpenESB-SE-3.0.5/OE-Studio/netbeans/enterprise/modules/ext/jersey2/jersey-container-servlet.jar:/Users/lucacambiaghi/Downloads/OpenESB-SE-3.0.5/OE-Studio/netbeans/enterprise/modules/ext/jersey2/jersey-container-servlet-core.jar:/Users/lucacambiaghi/Downloads/OpenESB-SE-3.0.5/OE-Studio/netbeans/enterprise/modules/ext/jersey2/jersey-server.jar:/Users/lucacambiaghi/Downloads/OpenESB-SE-3.0.5/OE-Studio/netbeans/java/modules/ext/eclipselink/eclipselink.jar:/Users/lucacambiaghi/Downloads/OpenESB-SE-3.0.5/OE-Studio/netbeans/platform/modules/ext/junit-4.10.jar:/Users/lucacambiaghi/TravelGood/RESTClient/build/classes:/Users/lucacambiaghi/TravelGood/RESTClient/build/test/classes:/Users/lucacambiaghi/Downloads/OpenESB-SE-3.0.5/OE-Studio/netbeans/extide/ant/lib/ant-launcher.jar:/Users/lucacambiaghi/Downloads/OpenESB-SE-3.0.5/OE-Studio/netbeans/extide/ant/lib/ant.jar:/Users/lucacambiaghi/Downloads/OpenESB-SE-3.0.5/OE-Studio/netbeans/extide/ant/lib/ant-junit.jar:/Users/lucacambiaghi/Downloads/OpenESB-SE-3.0.5/OE-Studio/netbeans/extide/ant/lib/ant-junit4.jar" />
    <property name="apple.laf.useScreenMenuBar" value="true" />
    <property name="do.mkdist" value="true" />
    <property name="libs.absolutelayout.src" value="" />
    <property name="libs.jpa20-persistence.classpath" value="/Users/lucacambiaghi/Downloads/OpenESB-SE-3.0.5/OE-Studio/netbeans/java/modules/ext/eclipselink/javax.persistence_2.1.0.v201304241213.jar" />
    <property name="os.version" value="10.12.2" />
    <property name="application.args" value="" />
    <property name="libs.EclipseLink-GlassFish-v3.javadoc" value="/Users/lucacambiaghi/Downloads/OpenESB-SE-3.0.5/OE-Studio/netbeans/enterprise/docs/javaee-doc-api.jar" />
    <property name="ant.file.type.RESTClient" value="file" />
    <property name="libs.javaee-api-7.0.maven-pom" value="" />
    <property name="main.class.available" value="true" />
    <property name="sun.awt.enableExtraMouseButtons" value="true" />
    <property name="libs.PojoSELib.maven-pom" value="" />
    <property name="compile.on.save.unsupported.jaxws" value="true" />
    <property name="libs.hibernate4-persistence.src" value="" />
    <property name="libs.hibernate4-support.maven-pom" value="" />
    <property name="libs.Comet-GlassFish-v3.src" value="" />
    <property name="libs.restlib.javadoc" value="" />
    <property name="libs.JAXB-ENDORSED.classpath" value="/Users/lucacambiaghi/Downloads/OpenESB-SE-3.0.5/OE-Studio/netbeans/ide/modules/ext/jaxb/api/jaxb-api.jar" />
    <property name="nb.internal.action.name" value="test.single" />
    <property name="libs.javaee-api-7.0.javadoc" value="/Users/lucacambiaghi/Downloads/OpenESB-SE-3.0.5/OE-Studio/netbeans/enterprise/docs/javaee-doc-api.jar" />
    <property name="libs.eclipselink.classpath" value="/Users/lucacambiaghi/Downloads/OpenESB-SE-3.0.5/OE-Studio/netbeans/java/modules/ext/eclipselink/eclipselink.jar:/Users/lucacambiaghi/Downloads/OpenESB-SE-3.0.5/OE-Studio/netbeans/java/modules/ext/eclipselink/javax.persistence_2.1.0.v201304241213.jar:/Users/lucacambiaghi/Downloads/OpenESB-SE-3.0.5/OE-Studio/netbeans/java/modules/ext/eclipselink/org.eclipse.persistence.jpa.jpql_2.5.2.v20140319-9ad6abd.jar" />
    <property name="libs.beans-binding.javadoc" value="/Users/lucacambiaghi/Downloads/OpenESB-SE-3.0.5/OE-Studio/netbeans/java/docs/beansbinding-1.2.1-doc.zip" />
    <property name="java.awt.graphicsenv" value="sun.awt.CGraphicsEnvironment" />
    <property name="java.vm.vendor" value="Oracle Corporation" />
    <property name="libs.CopyLibs.classpath" value="/Users/lucacambiaghi/Downloads/OpenESB-SE-3.0.5/OE-Studio/netbeans/java/ant/extra/org-netbeans-modules-java-j2seproject-copylibstask.jar" />
    <property name="libs.spring-framework300.classpath" value="/Users/lucacambiaghi/Downloads/OpenESB-SE-3.0.5/OE-Studio/netbeans/ide/modules/org-apache-commons-logging.jar:/Users/lucacambiaghi/Downloads/OpenESB-SE-3.0.5/OE-Studio/netbeans/java/modules/ext/cglib-2.2.jar:/Users/lucacambiaghi/Downloads/OpenESB-SE-3.0.5/OE-Studio/netbeans/java/modules/ext/spring-3.0/spring-aop-3.2.7.RELEASE.jar:/Users/lucacambiaghi/Downloads/OpenESB-SE-3.0.5/OE-Studio/netbeans/java/modules/ext/spring-3.0/spring-aspects-3.2.7.RELEASE.jar:/Users/lucacambiaghi/Downloads/OpenESB-SE-3.0.5/OE-Studio/netbeans/java/modules/ext/spring-3.0/spring-beans-3.2.7.RELEASE.jar:/Users/lucacambiaghi/Downloads/OpenESB-SE-3.0.5/OE-Studio/netbeans/java/modules/ext/spring-3.0/spring-build-src-3.2.7.RELEASE.jar:/Users/lucacambiaghi/Downloads/OpenESB-SE-3.0.5/OE-Studio/netbeans/java/modules/ext/spring-3.0/spring-context-3.2.7.RELEASE.jar:/Users/lucacambiaghi/Downloads/OpenESB-SE-3.0.5/OE-Studio/netbeans/java/modules/ext/spring-3.0/spring-context-support-3.2.7.RELEASE.jar:/Users/lucacambiaghi/Downloads/OpenESB-SE-3.0.5/OE-Studio/netbeans/java/modules/ext/spring-3.0/spring-core-3.2.7.RELEASE.jar:/Users/lucacambiaghi/Downloads/OpenESB-SE-3.0.5/OE-Studio/netbeans/java/modules/ext/spring-3.0/spring-expression-3.2.7.RELEASE.jar:/Users/lucacambiaghi/Downloads/OpenESB-SE-3.0.5/OE-Studio/netbeans/java/modules/ext/spring-3.0/spring-framework-bom-3.2.7.RELEASE.jar:/Users/lucacambiaghi/Downloads/OpenESB-SE-3.0.5/OE-Studio/netbeans/java/modules/ext/spring-3.0/spring-instrument-3.2.7.RELEASE.jar:/Users/lucacambiaghi/Downloads/OpenESB-SE-3.0.5/OE-Studio/netbeans/java/modules/ext/spring-3.0/spring-instrument-tomcat-3.2.7.RELEASE.jar:/Users/lucacambiaghi/Downloads/OpenESB-SE-3.0.5/OE-Studio/netbeans/java/modules/ext/spring-3.0/spring-jdbc-3.2.7.RELEASE.jar:/Users/lucacambiaghi/Downloads/OpenESB-SE-3.0.5/OE-Studio/netbeans/java/modules/ext/spring-3.0/spring-jms-3.2.7.RELEASE.jar:/Users/lucacambiaghi/Downloads/OpenESB-SE-3.0.5/OE-Studio/netbeans/java/modules/ext/spring-3.0/spring-orm-3.2.7.RELEASE.jar:/Users/lucacambiaghi/Downloads/OpenESB-SE-3.0.5/OE-Studio/netbeans/java/modules/ext/spring-3.0/spring-oxm-3.2.7.RELEASE.jar:/Users/lucacambiaghi/Downloads/OpenESB-SE-3.0.5/OE-Studio/netbeans/java/modules/ext/spring-3.0/spring-struts-3.2.7.RELEASE.jar:/Users/lucacambiaghi/Downloads/OpenESB-SE-3.0.5/OE-Studio/netbeans/java/modules/ext/spring-3.0/spring-test-3.2.7.RELEASE.jar:/Users/lucacambiaghi/Downloads/OpenESB-SE-3.0.5/OE-Studio/netbeans/java/modules/ext/spring-3.0/spring-tx-3.2.7.RELEASE.jar:/Users/lucacambiaghi/Downloads/OpenESB-SE-3.0.5/OE-Studio/netbeans/java/modules/ext/spring-3.0/spring-web-3.2.7.RELEASE.jar:/Users/lucacambiaghi/Downloads/OpenESB-SE-3.0.5/OE-Studio/netbeans/java/modules/ext/spring-3.0/spring-webmvc-3.2.7.RELEASE.jar:/Users/lucacambiaghi/Downloads/OpenESB-SE-3.0.5/OE-Studio/netbeans/java/modules/ext/spring-3.0/spring-webmvc-portlet-3.2.7.RELEASE.jar" />
    <property name="libs.jsp-compiler.maven-pom" value="" />
    <property name="libs.Encoder-COCO.classpath" value="/Users/lucacambiaghi/Downloads/OpenESB-SE-3.0.5/OE-Studio/netbeans/soa/modules/ext/coco.jar:/Users/lucacambiaghi/Downloads/OpenESB-SE-3.0.5/OE-Studio/netbeans/soa/modules/ext/cocoencoder-xsdextension.jar" />
    <property name="run.jvmargs" value="" />
    <property name="libs.hibernate4-persistence.classpath" value="/Users/lucacambiaghi/Downloads/OpenESB-SE-3.0.5/OE-Studio/netbeans/java/modules/ext/hibernate4/antlr-2.7.7.jar:/Users/lucacambiaghi/Downloads/OpenESB-SE-3.0.5/OE-Studio/netbeans/java/modules/ext/hibernate4/c3p0-0.9.2.1.jar:/Users/lucacambiaghi/Downloads/OpenESB-SE-3.0.5/OE-Studio/netbeans/java/modules/ext/hibernate4/hibernate-c3p0-4.3.1.Final.jar:/Users/lucacambiaghi/Downloads/OpenESB-SE-3.0.5/OE-Studio/netbeans/java/modules/ext/hibernate4/mchange-commons-java-0.2.3.4.jar:/Users/lucacambiaghi/Downloads/OpenESB-SE-3.0.5/OE-Studio/netbeans/java/modules/ext/hibernate4/dom4j-1.6.1.jar:/Users/lucacambiaghi/Downloads/OpenESB-SE-3.0.5/OE-Studio/netbeans/java/modules/ext/hibernate4/ehcache-core-2.4.3.jar:/Users/lucacambiaghi/Downloads/OpenESB-SE-3.0.5/OE-Studio/netbeans/java/modules/ext/hibernate4/hibernate-ehcache-4.3.1.Final.jar:/Users/lucacambiaghi/Downloads/OpenESB-SE-3.0.5/OE-Studio/netbeans/java/modules/ext/hibernate4/hibernate-core-4.3.1.Final.jar:/Users/lucacambiaghi/Downloads/OpenESB-SE-3.0.5/OE-Studio/netbeans/java/modules/ext/hibernate4/jboss-logging-3.1.3.GA.jar:/Users/lucacambiaghi/Downloads/OpenESB-SE-3.0.5/OE-Studio/netbeans/java/modules/ext/hibernate4/hibernate-commons-annotations-4.0.4.Final.jar:/Users/lucacambiaghi/Downloads/OpenESB-SE-3.0.5/OE-Studio/netbeans/java/modules/ext/hibernate4/hibernate-entitymanager-4.3.1.Final.jar:/Users/lucacambiaghi/Downloads/OpenESB-SE-3.0.5/OE-Studio/netbeans/java/modules/ext/hibernate4/javassist-3.18.1-GA.jar:/Users/lucacambiaghi/Downloads/OpenESB-SE-3.0.5/OE-Studio/netbeans/java/modules/ext/hibernate4/jboss-transaction-api_1.2_spec-1.0.0.Final.jar:/Users/lucacambiaghi/Downloads/OpenESB-SE-3.0.5/OE-Studio/netbeans/java/modules/ext/hibernate4/slf4j-api-1.6.1.jar:/Users/lucacambiaghi/Downloads/OpenESB-SE-3.0.5/OE-Studio/netbeans/java/modules/ext/hibernate4/slf4j-simple-1.6.1.jar:/Users/lucacambiaghi/Downloads/OpenESB-SE-3.0.5/OE-Studio/netbeans/java/modules/ext/hibernate4/hibernate-jpa-2.1-api-1.0.0.Final.jar" />
    <property name="libs.JAXB-ENDORSED.src" value="" />
    <property name="dist.archive.excludes" value="" />
    <property name="libs.testng.javadoc" value="/Users/lucacambiaghi/Downloads/OpenESB-SE-3.0.5/OE-Studio/netbeans/platform/docs/testng-6.8.1-javadoc.zip" />
    <property name="libs.PostgreSQLDriver.classpath" value="/Users/lucacambiaghi/Downloads/OpenESB-SE-3.0.5/OE-Studio/netbeans/ide/modules/ext/postgresql-9.2-1002.jdbc4.jar" />
    <property name="libs.jsf12.maven-pom" value="" />
    <property name="soa.module.install.dir" value="/Users/lucacambiaghi/Downloads/OpenESB-SE-3.0.5/OE-Studio/netbeans/soa/modules" />
    <property name="libs.hibernate4-persistencemodelgen.classpath" value="/Users/lucacambiaghi/Downloads/OpenESB-SE-3.0.5/OE-Studio/netbeans/java/modules/ext/hibernate4/hibernate-jpamodelgen-4.3.1.Final.jar" />
    <property name="libs.Encoder-Custom.src" value="" />
    <property name="libs.junit.src" value="" />
    <property name="annotation.processing.source.output" value="build/generated-sources/ap-source-output" />
    <property name="main.class" value="restclient.RESTClient" />
    <property name="libs.CopyLibs.src" value="" />
    <property name="build.dir" value="build" />
    <property name="libs.jsp-compilation.classpath" value="/Users/lucacambiaghi/Downloads/OpenESB-SE-3.0.5/OE-Studio/netbeans/extide/ant/lib/ant.jar:/Users/lucacambiaghi/Downloads/OpenESB-SE-3.0.5/OE-Studio/netbeans/enterprise/modules/ext/servlet3.1-jsp2.3-api.jar:/Users/lucacambiaghi/Downloads/OpenESB-SE-3.0.5/OE-Studio/netbeans/enterprise/modules/ext/glassfish-jspparser-4.0.jar:/Users/lucacambiaghi/Downloads/OpenESB-SE-3.0.5/OE-Studio/netbeans/enterprise/modules/ext/jsf-2_2/javax.faces.jar:/Users/lucacambiaghi/Downloads/OpenESB-SE-3.0.5/OE-Studio/netbeans/enterprise/modules/ext/jstl-api.jar:/Users/lucacambiaghi/Downloads/OpenESB-SE-3.0.5/OE-Studio/netbeans/extide/ant/lib/ant-launcher.jar" />
    <property name="ant.version" value="Apache Ant(TM) version 1.9.4 compiled on April 29 2014" />
    <property name="file.encoding" value="UTF-8" />
    <property name="build.classes.excludes" value="**/*.java,**/*.form" />
    <property name="jdkBug6558476" value="false" />
    <property name="javadoc.nonavbar" value="false" />
    <property name="wsdl-AirlineService" value="/Users/lucacambiaghi/TravelGood/RESTClient/xml-resources/web-service-references/AirlineService/wsdl/localhost_8080/Airline/AirlineService.wsdl" />
    <property name="libs.spring-webmvc4.0.classpath" value="/Users/lucacambiaghi/Downloads/OpenESB-SE-3.0.5/OE-Studio/netbeans/java/modules/ext/spring-4/spring-webmvc-4.0.1.RELEASE.jar" />
    <property name="platform.active" value="default_platform" />
    <property name="awt.toolkit" value="sun.lwawt.macosx.LWCToolkit" />
    <property name="libs.javaee-web-api-7.0.javadoc" value="/Users/lucacambiaghi/Downloads/OpenESB-SE-3.0.5/OE-Studio/netbeans/enterprise/docs/javaee-doc-api.jar" />
  </properties>
  <testcase classname="rs.TestBookingResource" name="should_book_itinerary" time="2.04" />
  <testcase classname="rs.TestBookingResource" name="should_cancel_itinerary" time="0.577" />
  <testcase classname="rs.TestBookingResource" name="should_fail_booking" time="0.388" />
  <testcase classname="rs.TestBookingResource" name="should_fail_canceling" time="0.694" />
  <system-out><![CDATA[]]></system-out>
  <system-err><![CDATA[]]></system-err>
</testsuite>
